DEBUG - Empty df_ticker. Pump Pump event: ADXBTC - 2022-09-20 15:56:00. While parsing ticker AEBTC
DEBUG - Empty df_ticker. Pump Pump event: ADXBTC - 2022-09-20 15:56:00. While parsing ticker AEBTC
DEBUG - Empty df_ticker. Pump Pump event: ADXBTC - 2022-09-20 15:56:00. While parsing ticker AGIBTC
DEBUG - Empty df_ticker. Pump Pump event: ADXBTC - 2022-09-20 15:56:00. While parsing ticker AKROBTC
DEBUG - Empty df_ticker. Pump Pump event: ADXBTC - 2022-09-20 15:56:00. While parsing ticker AEBTC
DEBUG - Empty df_ticker. Pump Pump event: ADXBTC - 2022-09-20 15:56:00. While parsing ticker AGIBTC
DEBUG - Empty df_ticker. Pump Pump event: ADXBTC - 2022-09-20 15:56:00. While parsing ticker AKROBTC
DEBUG - Empty df_ticker. Pump Pump event: ADXBTC - 2022-09-20 15:56:00. While parsing ticker ANYBTC
DEBUG - Empty df_ticker. Pump Pump event: ADXBTC - 2022-09-20 15:56:00. While parsing ticker APPCBTC
DEBUG - Empty df_ticker. Pump Pump event: ADXBTC - 2022-09-20 15:56:00. While parsing ticker ARBBTC
DEBUG - Empty df_ticker. Pump Pump event: ADXBTC - 2022-09-20 15:56:00. While parsing ticker ARKMBTC
DEBUG - Empty df_ticker. Pump Pump event: ADXBTC - 2022-09-20 15:56:00. While parsing ticker ARNBTC
DEBUG - Empty df_ticker. Pump Pump event: ADXBTC - 2022-09-20 15:56:00. While parsing ticker BCCBTC
DEBUG - Empty df_ticker. Pump Pump event: ADXBTC - 2022-09-20 15:56:00. While parsing ticker BCDBTC
DEBUG - Empty df_ticker. Pump Pump event: ADXBTC - 2022-09-20 15:56:00. While parsing ticker BCNBTC
DEBUG - Empty df_ticker. Pump Pump event: ADXBTC - 2022-09-20 15:56:00. While parsing ticker BCPTBTC
DEBUG - Empty df_ticker. Pump Pump event: ADXBTC - 2022-09-20 15:56:00. While parsing ticker BLURBTC
DEBUG - Empty df_ticker. Pump Pump event: ADXBTC - 2022-09-20 15:56:00. While parsing ticker BOTBTC
DEBUG - Empty df_ticker. Pump Pump event: ADXBTC - 2022-09-20 15:56:00. While parsing ticker BRDBTC
DEBUG - Empty df_ticker. Pump Pump event: ADXBTC - 2022-09-20 15:56:00. While parsing ticker BTCBBTC
DEBUG - Empty df_ticker. Pump Pump event: ADXBTC - 2022-09-20 15:56:00. While parsing ticker BTTBTC
DEBUG - Empty df_ticker. Pump Pump event: ADXBTC - 2022-09-20 15:56:00. While parsing ticker BZRXBTC
DEBUG - Empty df_ticker. Pump Pump event: ADXBTC - 2022-09-20 15:56:00. While parsing ticker CDTBTC
DEBUG - Empty df_ticker. Pump Pump event: ADXBTC - 2022-09-20 15:56:00. While parsing ticker CHATBTC
DEBUG - Empty df_ticker. Pump Pump event: ADXBTC - 2022-09-20 15:56:00. While parsing ticker CKBBTC
DEBUG - Empty df_ticker. Pump Pump event: ADXBTC - 2022-09-20 15:56:00. While parsing ticker CLOAKBTC
DEBUG - Empty df_ticker. Pump Pump event: ADXBTC - 2022-09-20 15:56:00. While parsing ticker CMTBTC
DEBUG - Empty df_ticker. Pump Pump event: ADXBTC - 2022-09-20 15:56:00. While parsing ticker CNDBTC
DEBUG - Empty df_ticker. Pump Pump event: ADXBTC - 2022-09-20 15:56:00. While parsing ticker COCOSBTC
DEBUG - Empty df_ticker. Pump Pump event: ADXBTC - 2022-09-20 15:56:00. While parsing ticker CYBERBTC
DEBUG - Empty df_ticker. Pump Pump event: ADXBTC - 2022-09-20 15:56:00. While parsing ticker DENTBTC
DEBUG - Empty df_ticker. Pump Pump event: ADXBTC - 2022-09-20 15:56:00. While parsing ticker DGDBTC
DEBUG - Empty df_ticker. Pump Pump event: ADXBTC - 2022-09-20 15:56:00. While parsing ticker DLTBTC
DEBUG - Empty df_ticker. Pump Pump event: ADXBTC - 2022-09-20 15:56:00. While parsing ticker EASYBTC
DEBUG - Empty df_ticker. Pump Pump event: ADXBTC - 2022-09-20 15:56:00. While parsing ticker EDOBTC
DEBUG - Empty df_ticker. Pump Pump event: ADXBTC - 2022-09-20 15:56:00. While parsing ticker EDUBTC
DEBUG - Empty df_ticker. Pump Pump event: ADXBTC - 2022-09-20 15:56:00. While parsing ticker ENGBTC
DEBUG - Empty df_ticker. Pump Pump event: ADXBTC - 2022-09-20 15:56:00. While parsing ticker EPSBTC
DEBUG - Empty df_ticker. Pump Pump event: ADXBTC - 2022-09-20 15:56:00. While parsing ticker ERDBTC
DEBUG - Empty df_ticker. Pump Pump event: ADXBTC - 2022-09-20 15:56:00. While parsing ticker EVXBTC
DEBUG - Empty df_ticker. Pump Pump event: ADXBTC - 2022-09-20 15:56:00. While parsing ticker EZBTC
DEBUG - Empty df_ticker. Pump Pump event: ADXBTC - 2022-09-20 15:56:00. While parsing ticker FUELBTC
DEBUG - Empty df_ticker. Pump Pump event: ADXBTC - 2022-09-20 15:56:00. While parsing ticker FUNBTC
DEBUG - Empty df_ticker. Pump Pump event: ADXBTC - 2022-09-20 15:56:00. While parsing ticker GMXBTC
DEBUG - Empty df_ticker. Pump Pump event: ADXBTC - 2022-09-20 15:56:00. While parsing ticker GNOBTC
DEBUG - Empty df_ticker. Pump Pump event: ADXBTC - 2022-09-20 15:56:00. While parsing ticker GNSBTC
DEBUG - Empty df_ticker. Pump Pump event: ADXBTC - 2022-09-20 15:56:00. While parsing ticker GNTBTC
DEBUG - Empty df_ticker. Pump Pump event: ADXBTC - 2022-09-20 15:56:00. While parsing ticker GOBTC
DEBUG - Empty df_ticker. Pump Pump event: ADXBTC - 2022-09-20 15:56:00. While parsing ticker GRSBTC
DEBUG - Empty df_ticker. Pump Pump event: ADXBTC - 2022-09-20 15:56:00. While parsing ticker GVTBTC
DEBUG - Empty df_ticker. Pump Pump event: ADXBTC - 2022-09-20 15:56:00. While parsing ticker HCBTC
DEBUG - Empty df_ticker. Pump Pump event: ADXBTC - 2022-09-20 15:56:00. While parsing ticker HFTBTC
DEBUG - Empty df_ticker. Pump Pump event: ADXBTC - 2022-09-20 15:56:00. While parsing ticker HOOKBTC
DEBUG - Empty df_ticker. Pump Pump event: ADXBTC - 2022-09-20 15:56:00. While parsing ticker HOTBTC
DEBUG - Empty df_ticker. Pump Pump event: ADXBTC - 2022-09-20 15:56:00. While parsing ticker ICNBTC
DEBUG - Empty df_ticker. Pump Pump event: ADXBTC - 2022-09-20 15:56:00. While parsing ticker IDBTC
DEBUG - Empty df_ticker. Pump Pump event: ADXBTC - 2022-09-20 15:56:00. While parsing ticker KEEPBTC
DEBUG - Empty df_ticker. Pump Pump event: ADXBTC - 2022-09-20 15:56:00. While parsing ticker KEYBTC
DEBUG - Empty df_ticker. Pump Pump event: ADXBTC - 2022-09-20 15:56:00. While parsing ticker LENDBTC
DEBUG - Empty df_ticker. Pump Pump event: ADXBTC - 2022-09-20 15:56:00. While parsing ticker LQTYBTC
DEBUG - Empty df_ticker. Pump Pump event: ADXBTC - 2022-09-20 15:56:00. While parsing ticker LUNABTC
DEBUG - Empty df_ticker. Pump Pump event: ADXBTC - 2022-09-20 15:56:00. While parsing ticker LUNBTC
DEBUG - Empty df_ticker. Pump Pump event: ADXBTC - 2022-09-20 15:56:00. While parsing ticker MAGICBTC
DEBUG - Empty df_ticker. Pump Pump event: ADXBTC - 2022-09-20 15:56:00. While parsing ticker MAVBTC
DEBUG - Empty df_ticker. Pump Pump event: ADXBTC - 2022-09-20 15:56:00. While parsing ticker MBLBTC
DEBUG - Empty df_ticker. Pump Pump event: ADXBTC - 2022-09-20 15:56:00. While parsing ticker MCOBTC
DEBUG - Empty df_ticker. Pump Pump event: ADXBTC - 2022-09-20 15:56:00. While parsing ticker MDABTC
DEBUG - Empty df_ticker. Pump Pump event: ADXBTC - 2022-09-20 15:56:00. While parsing ticker MFTBTC
DEBUG - Empty df_ticker. Pump Pump event: ADXBTC - 2022-09-20 15:56:00. While parsing ticker MODBTC
DEBUG - Empty df_ticker. Pump Pump event: ADXBTC - 2022-09-20 15:56:00. While parsing ticker MTHBTC
DEBUG - Empty df_ticker. Pump Pump event: ADXBTC - 2022-09-20 15:56:00. While parsing ticker NANOBTC
DEBUG - Empty df_ticker. Pump Pump event: ADXBTC - 2022-09-20 15:56:00. While parsing ticker NASBTC
DEBUG - Empty df_ticker. Pump Pump event: ADXBTC - 2022-09-20 15:56:00. While parsing ticker NAVBTC
DEBUG - Empty df_ticker. Pump Pump event: ADXBTC - 2022-09-20 15:56:00. While parsing ticker NBSBTC
DEBUG - Empty df_ticker. Pump Pump event: ADXBTC - 2022-09-20 15:56:00. While parsing ticker NCASHBTC
DEBUG - Empty df_ticker. Pump Pump event: ADXBTC - 2022-09-20 15:56:00. While parsing ticker NPXSBTC
DEBUG - Empty df_ticker. Pump Pump event: ADXBTC - 2022-09-20 15:56:00. While parsing ticker NTRNBTC
DEBUG - Empty df_ticker. Pump Pump event: ADXBTC - 2022-09-20 15:56:00. While parsing ticker NUBTC
DEBUG - Empty df_ticker. Pump Pump event: ADXBTC - 2022-09-20 15:56:00. While parsing ticker NXSBTC
DEBUG - Empty df_ticker. Pump Pump event: ADXBTC - 2022-09-20 15:56:00. While parsing ticker ORDIBTC
DEBUG - Empty df_ticker. Pump Pump event: ADXBTC - 2022-09-20 15:56:00. While parsing ticker OSMOBTC
DEBUG - Empty df_ticker. Pump Pump event: ADXBTC - 2022-09-20 15:56:00. While parsing ticker OSTBTC
DEBUG - Empty df_ticker. Pump Pump event: ADXBTC - 2022-09-20 15:56:00. While parsing ticker PAXBTC
DEBUG - Empty df_ticker. Pump Pump event: ADXBTC - 2022-09-20 15:56:00. While parsing ticker PENDLEBTC
DEBUG - Empty df_ticker. Pump Pump event: ADXBTC - 2022-09-20 15:56:00. While parsing ticker PHXBTC
DEBUG - Empty df_ticker. Pump Pump event: ADXBTC - 2022-09-20 15:56:00. While parsing ticker POABTC
DEBUG - Empty df_ticker. Pump Pump event: ADXBTC - 2022-09-20 15:56:00. While parsing ticker POEBTC
DEBUG - Empty df_ticker. Pump Pump event: ADXBTC - 2022-09-20 15:56:00. While parsing ticker POLYXBTC
DEBUG - Empty df_ticker. Pump Pump event: ADXBTC - 2022-09-20 15:56:00. While parsing ticker PPTBTC
DEBUG - Empty df_ticker. Pump Pump event: ADXBTC - 2022-09-20 15:56:00. While parsing ticker QSPBTC
DEBUG - Empty df_ticker. Pump Pump event: ADXBTC - 2022-09-20 15:56:00. While parsing ticker RAMPBTC
DEBUG - Empty df_ticker. Pump Pump event: ADXBTC - 2022-09-20 15:56:00. While parsing ticker RCNBTC
DEBUG - Empty df_ticker. Pump Pump event: ADXBTC - 2022-09-20 15:56:00. While parsing ticker RDNBTC
DEBUG - Empty df_ticker. Pump Pump event: ADXBTC - 2022-09-20 15:56:00. While parsing ticker RDNTBTC
DEBUG - Empty df_ticker. Pump Pump event: ADXBTC - 2022-09-20 15:56:00. While parsing ticker REEFBTC
DEBUG - Empty df_ticker. Pump Pump event: ADXBTC - 2022-09-20 15:56:00. While parsing ticker RENBTCBTC
DEBUG - Empty df_ticker. Pump Pump event: ADXBTC - 2022-09-20 15:56:00. While parsing ticker RGTBTC
DEBUG - Empty df_ticker. Pump Pump event: ADXBTC - 2022-09-20 15:56:00. While parsing ticker RPLBTC
DEBUG - Empty df_ticker. Pump Pump event: ADXBTC - 2022-09-20 15:56:00. While parsing ticker RSRBTC
DEBUG - Empty df_ticker. Pump Pump event: ADXBTC - 2022-09-20 15:56:00. While parsing ticker SALTBTC
DEBUG - Empty df_ticker. Pump Pump event: ADXBTC - 2022-09-20 15:56:00. While parsing ticker SCBTC
DEBUG - Empty df_ticker. Pump Pump event: ADXBTC - 2022-09-20 15:56:00. While parsing ticker SEIBTC
DEBUG - Empty df_ticker. Pump Pump event: ADXBTC - 2022-09-20 15:56:00. While parsing ticker SKYBTC
DEBUG - Empty df_ticker. Pump Pump event: ADXBTC - 2022-09-20 15:56:00. While parsing ticker SNGLSBTC
DEBUG - Empty df_ticker. Pump Pump event: ADXBTC - 2022-09-20 15:56:00. While parsing ticker SPELLBTC
DEBUG - Empty df_ticker. Pump Pump event: ADXBTC - 2022-09-20 15:56:00. While parsing ticker STGBTC
DEBUG - Empty df_ticker. Pump Pump event: ADXBTC - 2022-09-20 15:56:00. While parsing ticker STORMBTC
DEBUG - Empty df_ticker. Pump Pump event: ADXBTC - 2022-09-20 15:56:00. While parsing ticker STRATBTC
DEBUG - Empty df_ticker. Pump Pump event: ADXBTC - 2022-09-20 15:56:00. While parsing ticker SUBBTC
DEBUG - Empty df_ticker. Pump Pump event: ADXBTC - 2022-09-20 15:56:00. While parsing ticker SUNBTC
DEBUG - Empty df_ticker. Pump Pump event: ADXBTC - 2022-09-20 15:56:00. While parsing ticker SYNBTC
DEBUG - Empty df_ticker. Pump Pump event: ADXBTC - 2022-09-20 15:56:00. While parsing ticker TIABTC
DEBUG - Empty df_ticker. Pump Pump event: ADXBTC - 2022-09-20 15:56:00. While parsing ticker TNBBTC
DEBUG - Empty df_ticker. Pump Pump event: ADXBTC - 2022-09-20 15:56:00. While parsing ticker TNTBTC
DEBUG - Empty df_ticker. Pump Pump event: ADXBTC - 2022-09-20 15:56:00. While parsing ticker TRIBEBTC
DEBUG - Empty df_ticker. Pump Pump event: ADXBTC - 2022-09-20 15:56:00. While parsing ticker TRIGBTC
DEBUG - Empty df_ticker. Pump Pump event: ADXBTC - 2022-09-20 15:56:00. While parsing ticker TROYBTC
DEBUG - Empty df_ticker. Pump Pump event: ADXBTC - 2022-09-20 15:56:00. While parsing ticker USTBTC
DEBUG - Empty df_ticker. Pump Pump event: ADXBTC - 2022-09-20 15:56:00. While parsing ticker VANRYBTC
DEBUG - Empty df_ticker. Pump Pump event: ADXBTC - 2022-09-20 15:56:00. While parsing ticker VENBTC
DEBUG - Empty df_ticker. Pump Pump event: ADXBTC - 2022-09-20 15:56:00. While parsing ticker VIABTC
DEBUG - Empty df_ticker. Pump Pump event: ADXBTC - 2022-09-20 15:56:00. While parsing ticker VIBEBTC
DEBUG - Empty df_ticker. Pump Pump event: ADXBTC - 2022-09-20 15:56:00. While parsing ticker VICBTC
DEBUG - Empty df_ticker. Pump Pump event: ADXBTC - 2022-09-20 15:56:00. While parsing ticker WINBTC
DEBUG - Empty df_ticker. Pump Pump event: ADXBTC - 2022-09-20 15:56:00. While parsing ticker WINGSBTC
DEBUG - Empty df_ticker. Pump Pump event: ADXBTC - 2022-09-20 15:56:00. While parsing ticker WLDBTC
DEBUG - Empty df_ticker. Pump Pump event: ADXBTC - 2022-09-20 15:56:00. While parsing ticker WNXMBTC
DEBUG - Empty df_ticker. Pump Pump event: ADXBTC - 2022-09-20 15:56:00. While parsing ticker WPRBTC
DEBUG - Empty df_ticker. Pump Pump event: ADXBTC - 2022-09-20 15:56:00. While parsing ticker XVGBTC
DEBUG - Empty df_ticker. Pump Pump event: ADXBTC - 2022-09-20 15:56:00. While parsing ticker XZCBTC
DEBUG - Empty df_ticker. Pump Pump event: ADXBTC - 2022-09-20 15:56:00. While parsing ticker AEBTC
DEBUG - Empty df_ticker. Pump Pump event: ADXBTC - 2022-09-20 15:56:00. While parsing ticker AGIBTC
DEBUG - Empty df_ticker. Pump Pump event: ADXBTC - 2022-09-20 15:56:00. While parsing ticker AKROBTC
DEBUG - Empty df_ticker. Pump Pump event: ADXBTC - 2022-09-20 15:56:00. While parsing ticker ANYBTC
DEBUG - Empty df_ticker. Pump Pump event: ADXBTC - 2022-09-20 15:56:00. While parsing ticker APPCBTC
DEBUG - Empty df_ticker. Pump Pump event: ADXBTC - 2022-09-20 15:56:00. While parsing ticker ARBBTC
DEBUG - Empty df_ticker. Pump Pump event: ADXBTC - 2022-09-20 15:56:00. While parsing ticker ARKMBTC
DEBUG - Empty df_ticker. Pump Pump event: ADXBTC - 2022-09-20 15:56:00. While parsing ticker ARNBTC
DEBUG - Empty df_ticker. Pump Pump event: ADXBTC - 2022-09-20 15:56:00. While parsing ticker BCCBTC
DEBUG - Empty df_ticker. Pump Pump event: ADXBTC - 2022-09-20 15:56:00. While parsing ticker BCDBTC
DEBUG - Empty df_ticker. Pump Pump event: ADXBTC - 2022-09-20 15:56:00. While parsing ticker BCNBTC
DEBUG - Empty df_ticker. Pump Pump event: ADXBTC - 2022-09-20 15:56:00. While parsing ticker BCPTBTC
DEBUG - Empty df_ticker. Pump Pump event: ADXBTC - 2022-09-20 15:56:00. While parsing ticker BLURBTC
DEBUG - Empty df_ticker. Pump Pump event: ADXBTC - 2022-09-20 15:56:00. While parsing ticker BOTBTC
DEBUG - Empty df_ticker. Pump Pump event: ADXBTC - 2022-09-20 15:56:00. While parsing ticker BRDBTC
DEBUG - Empty df_ticker. Pump Pump event: ADXBTC - 2022-09-20 15:56:00. While parsing ticker BTCBBTC
DEBUG - Empty df_ticker. Pump Pump event: ADXBTC - 2022-09-20 15:56:00. While parsing ticker BTTBTC
DEBUG - Empty df_ticker. Pump Pump event: ADXBTC - 2022-09-20 15:56:00. While parsing ticker BZRXBTC
DEBUG - Empty df_ticker. Pump Pump event: ADXBTC - 2022-09-20 15:56:00. While parsing ticker CDTBTC
DEBUG - Empty df_ticker. Pump Pump event: ADXBTC - 2022-09-20 15:56:00. While parsing ticker CHATBTC
DEBUG - Empty df_ticker. Pump Pump event: ADXBTC - 2022-09-20 15:56:00. While parsing ticker CKBBTC
DEBUG - Empty df_ticker. Pump Pump event: ADXBTC - 2022-09-20 15:56:00. While parsing ticker CLOAKBTC
DEBUG - Empty df_ticker. Pump Pump event: ADXBTC - 2022-09-20 15:56:00. While parsing ticker CMTBTC
DEBUG - Empty df_ticker. Pump Pump event: ADXBTC - 2022-09-20 15:56:00. While parsing ticker CNDBTC
DEBUG - Empty df_ticker. Pump Pump event: ADXBTC - 2022-09-20 15:56:00. While parsing ticker COCOSBTC
DEBUG - Empty df_ticker. Pump Pump event: ADXBTC - 2022-09-20 15:56:00. While parsing ticker CYBERBTC
DEBUG - Empty df_ticker. Pump Pump event: ADXBTC - 2022-09-20 15:56:00. While parsing ticker DENTBTC
DEBUG - Empty df_ticker. Pump Pump event: ADXBTC - 2022-09-20 15:56:00. While parsing ticker DGDBTC
DEBUG - Empty df_ticker. Pump Pump event: ADXBTC - 2022-09-20 15:56:00. While parsing ticker DLTBTC
DEBUG - Empty df_ticker. Pump Pump event: ADXBTC - 2022-09-20 15:56:00. While parsing ticker EASYBTC
DEBUG - Empty df_ticker. Pump Pump event: ADXBTC - 2022-09-20 15:56:00. While parsing ticker EDOBTC
DEBUG - Empty df_ticker. Pump Pump event: ADXBTC - 2022-09-20 15:56:00. While parsing ticker EDUBTC
DEBUG - Empty df_ticker. Pump Pump event: ADXBTC - 2022-09-20 15:56:00. While parsing ticker ENGBTC
DEBUG - Empty df_ticker. Pump Pump event: ADXBTC - 2022-09-20 15:56:00. While parsing ticker EPSBTC
DEBUG - Empty df_ticker. Pump Pump event: ADXBTC - 2022-09-20 15:56:00. While parsing ticker ERDBTC
DEBUG - Empty df_ticker. Pump Pump event: ADXBTC - 2022-09-20 15:56:00. While parsing ticker EVXBTC
DEBUG - Empty df_ticker. Pump Pump event: ADXBTC - 2022-09-20 15:56:00. While parsing ticker EZBTC
DEBUG - Empty df_ticker. Pump Pump event: ADXBTC - 2022-09-20 15:56:00. While parsing ticker FUELBTC
DEBUG - Empty df_ticker. Pump Pump event: ADXBTC - 2022-09-20 15:56:00. While parsing ticker FUNBTC
DEBUG - Empty df_ticker. Pump Pump event: ADXBTC - 2022-09-20 15:56:00. While parsing ticker GMXBTC
DEBUG - Empty df_ticker. Pump Pump event: ADXBTC - 2022-09-20 15:56:00. While parsing ticker GNOBTC
DEBUG - Empty df_ticker. Pump Pump event: ADXBTC - 2022-09-20 15:56:00. While parsing ticker GNSBTC
DEBUG - Empty df_ticker. Pump Pump event: ADXBTC - 2022-09-20 15:56:00. While parsing ticker GNTBTC
DEBUG - Empty df_ticker. Pump Pump event: ADXBTC - 2022-09-20 15:56:00. While parsing ticker GOBTC
DEBUG - Empty df_ticker. Pump Pump event: ADXBTC - 2022-09-20 15:56:00. While parsing ticker GRSBTC
DEBUG - Empty df_ticker. Pump Pump event: ADXBTC - 2022-09-20 15:56:00. While parsing ticker GVTBTC
DEBUG - Empty df_ticker. Pump Pump event: ADXBTC - 2022-09-20 15:56:00. While parsing ticker HCBTC
DEBUG - Empty df_ticker. Pump Pump event: ADXBTC - 2022-09-20 15:56:00. While parsing ticker HFTBTC
DEBUG - Empty df_ticker. Pump Pump event: ADXBTC - 2022-09-20 15:56:00. While parsing ticker HOOKBTC
DEBUG - Empty df_ticker. Pump Pump event: ADXBTC - 2022-09-20 15:56:00. While parsing ticker HOTBTC
DEBUG - Empty df_ticker. Pump Pump event: ADXBTC - 2022-09-20 15:56:00. While parsing ticker ICNBTC
DEBUG - Empty df_ticker. Pump Pump event: ADXBTC - 2022-09-20 15:56:00. While parsing ticker IDBTC
DEBUG - Empty df_ticker. Pump Pump event: ADXBTC - 2022-09-20 15:56:00. While parsing ticker KEEPBTC
DEBUG - Empty df_ticker. Pump Pump event: ADXBTC - 2022-09-20 15:56:00. While parsing ticker KEYBTC
DEBUG - Empty df_ticker. Pump Pump event: ADXBTC - 2022-09-20 15:56:00. While parsing ticker LENDBTC
DEBUG - Empty df_ticker. Pump Pump event: ADXBTC - 2022-09-20 15:56:00. While parsing ticker LQTYBTC
DEBUG - Empty df_ticker. Pump Pump event: ADXBTC - 2022-09-20 15:56:00. While parsing ticker LUNABTC
DEBUG - Empty df_ticker. Pump Pump event: ADXBTC - 2022-09-20 15:56:00. While parsing ticker LUNBTC
DEBUG - Empty df_ticker. Pump Pump event: ADXBTC - 2022-09-20 15:56:00. While parsing ticker MAGICBTC
DEBUG - Empty df_ticker. Pump Pump event: ADXBTC - 2022-09-20 15:56:00. While parsing ticker MAVBTC
DEBUG - Empty df_ticker. Pump Pump event: ADXBTC - 2022-09-20 15:56:00. While parsing ticker MBLBTC
DEBUG - Empty df_ticker. Pump Pump event: ADXBTC - 2022-09-20 15:56:00. While parsing ticker MCOBTC
DEBUG - Empty df_ticker. Pump Pump event: ADXBTC - 2022-09-20 15:56:00. While parsing ticker MDABTC
DEBUG - Empty df_ticker. Pump Pump event: ADXBTC - 2022-09-20 15:56:00. While parsing ticker MFTBTC
DEBUG - Empty df_ticker. Pump Pump event: ADXBTC - 2022-09-20 15:56:00. While parsing ticker MODBTC
DEBUG - Empty df_ticker. Pump Pump event: ADXBTC - 2022-09-20 15:56:00. While parsing ticker MTHBTC
DEBUG - Empty df_ticker. Pump Pump event: ADXBTC - 2022-09-20 15:56:00. While parsing ticker NANOBTC
DEBUG - Empty df_ticker. Pump Pump event: ADXBTC - 2022-09-20 15:56:00. While parsing ticker NASBTC
DEBUG - Empty df_ticker. Pump Pump event: ADXBTC - 2022-09-20 15:56:00. While parsing ticker NAVBTC
DEBUG - Empty df_ticker. Pump Pump event: ADXBTC - 2022-09-20 15:56:00. While parsing ticker NBSBTC
DEBUG - Empty df_ticker. Pump Pump event: ADXBTC - 2022-09-20 15:56:00. While parsing ticker NCASHBTC
DEBUG - Empty df_ticker. Pump Pump event: ADXBTC - 2022-09-20 15:56:00. While parsing ticker NPXSBTC
DEBUG - Empty df_ticker. Pump Pump event: ADXBTC - 2022-09-20 15:56:00. While parsing ticker NTRNBTC
DEBUG - Empty df_ticker. Pump Pump event: ADXBTC - 2022-09-20 15:56:00. While parsing ticker NUBTC
DEBUG - Empty df_ticker. Pump Pump event: ADXBTC - 2022-09-20 15:56:00. While parsing ticker NXSBTC
DEBUG - Empty df_ticker. Pump Pump event: ADXBTC - 2022-09-20 15:56:00. While parsing ticker ORDIBTC
DEBUG - Empty df_ticker. Pump Pump event: ADXBTC - 2022-09-20 15:56:00. While parsing ticker OSMOBTC
DEBUG - Empty df_ticker. Pump Pump event: ADXBTC - 2022-09-20 15:56:00. While parsing ticker OSTBTC
DEBUG - Empty df_ticker. Pump Pump event: ADXBTC - 2022-09-20 15:56:00. While parsing ticker PAXBTC
DEBUG - Empty df_ticker. Pump Pump event: ADXBTC - 2022-09-20 15:56:00. While parsing ticker PENDLEBTC
DEBUG - Empty df_ticker. Pump Pump event: ADXBTC - 2022-09-20 15:56:00. While parsing ticker PHXBTC
DEBUG - Empty df_ticker. Pump Pump event: ADXBTC - 2022-09-20 15:56:00. While parsing ticker POABTC
DEBUG - Empty df_ticker. Pump Pump event: ADXBTC - 2022-09-20 15:56:00. While parsing ticker POEBTC
DEBUG - Empty df_ticker. Pump Pump event: ADXBTC - 2022-09-20 15:56:00. While parsing ticker POLYXBTC
DEBUG - Empty df_ticker. Pump Pump event: ADXBTC - 2022-09-20 15:56:00. While parsing ticker PPTBTC
DEBUG - Empty df_ticker. Pump Pump event: ADXBTC - 2022-09-20 15:56:00. While parsing ticker QSPBTC
DEBUG - Empty df_ticker. Pump Pump event: ADXBTC - 2022-09-20 15:56:00. While parsing ticker RAMPBTC
DEBUG - Empty df_ticker. Pump Pump event: ADXBTC - 2022-09-20 15:56:00. While parsing ticker RCNBTC
DEBUG - Empty df_ticker. Pump Pump event: ADXBTC - 2022-09-20 15:56:00. While parsing ticker RDNBTC
DEBUG - Empty df_ticker. Pump Pump event: ADXBTC - 2022-09-20 15:56:00. While parsing ticker RDNTBTC
DEBUG - Empty df_ticker. Pump Pump event: ADXBTC - 2022-09-20 15:56:00. While parsing ticker REEFBTC
DEBUG - Empty df_ticker. Pump Pump event: ADXBTC - 2022-09-20 15:56:00. While parsing ticker RENBTCBTC
DEBUG - Empty df_ticker. Pump Pump event: ADXBTC - 2022-09-20 15:56:00. While parsing ticker RGTBTC
DEBUG - Empty df_ticker. Pump Pump event: ADXBTC - 2022-09-20 15:56:00. While parsing ticker RPLBTC
DEBUG - Empty df_ticker. Pump Pump event: ADXBTC - 2022-09-20 15:56:00. While parsing ticker RSRBTC
DEBUG - Empty df_ticker. Pump Pump event: ADXBTC - 2022-09-20 15:56:00. While parsing ticker SALTBTC
DEBUG - Empty df_ticker. Pump Pump event: ADXBTC - 2022-09-20 15:56:00. While parsing ticker SCBTC
DEBUG - Empty df_ticker. Pump Pump event: ADXBTC - 2022-09-20 15:56:00. While parsing ticker SEIBTC
DEBUG - Empty df_ticker. Pump Pump event: ADXBTC - 2022-09-20 15:56:00. While parsing ticker SKYBTC
DEBUG - Empty df_ticker. Pump Pump event: ADXBTC - 2022-09-20 15:56:00. While parsing ticker SNGLSBTC
DEBUG - Empty df_ticker. Pump Pump event: ADXBTC - 2022-09-20 15:56:00. While parsing ticker SPELLBTC
DEBUG - Empty df_ticker. Pump Pump event: ADXBTC - 2022-09-20 15:56:00. While parsing ticker STGBTC
DEBUG - Empty df_ticker. Pump Pump event: ADXBTC - 2022-09-20 15:56:00. While parsing ticker STORMBTC
DEBUG - Empty df_ticker. Pump Pump event: ADXBTC - 2022-09-20 15:56:00. While parsing ticker STRATBTC
DEBUG - Empty df_ticker. Pump Pump event: ADXBTC - 2022-09-20 15:56:00. While parsing ticker SUBBTC
DEBUG - Empty df_ticker. Pump Pump event: ADXBTC - 2022-09-20 15:56:00. While parsing ticker SUNBTC
DEBUG - Empty df_ticker. Pump Pump event: ADXBTC - 2022-09-20 15:56:00. While parsing ticker SYNBTC
DEBUG - Empty df_ticker. Pump Pump event: ADXBTC - 2022-09-20 15:56:00. While parsing ticker TIABTC
DEBUG - Empty df_ticker. Pump Pump event: ADXBTC - 2022-09-20 15:56:00. While parsing ticker TNBBTC
DEBUG - Empty df_ticker. Pump Pump event: ADXBTC - 2022-09-20 15:56:00. While parsing ticker TNTBTC
DEBUG - Empty df_ticker. Pump Pump event: ADXBTC - 2022-09-20 15:56:00. While parsing ticker TRIBEBTC
DEBUG - Empty df_ticker. Pump Pump event: ADXBTC - 2022-09-20 15:56:00. While parsing ticker TRIGBTC
DEBUG - Empty df_ticker. Pump Pump event: ADXBTC - 2022-09-20 15:56:00. While parsing ticker TROYBTC
DEBUG - Empty df_ticker. Pump Pump event: ADXBTC - 2022-09-20 15:56:00. While parsing ticker USTBTC
DEBUG - Empty df_ticker. Pump Pump event: ADXBTC - 2022-09-20 15:56:00. While parsing ticker VANRYBTC
DEBUG - Empty df_ticker. Pump Pump event: ADXBTC - 2022-09-20 15:56:00. While parsing ticker VENBTC
DEBUG - Empty df_ticker. Pump Pump event: ADXBTC - 2022-09-20 15:56:00. While parsing ticker VIABTC
DEBUG - Empty df_ticker. Pump Pump event: ADXBTC - 2022-09-20 15:56:00. While parsing ticker VIBEBTC
DEBUG - Empty df_ticker. Pump Pump event: ADXBTC - 2022-09-20 15:56:00. While parsing ticker VICBTC
DEBUG - Empty df_ticker. Pump Pump event: ADXBTC - 2022-09-20 15:56:00. While parsing ticker WINBTC
DEBUG - Empty df_ticker. Pump Pump event: ADXBTC - 2022-09-20 15:56:00. While parsing ticker WINGSBTC
DEBUG - Empty df_ticker. Pump Pump event: ADXBTC - 2022-09-20 15:56:00. While parsing ticker WLDBTC
DEBUG - Empty df_ticker. Pump Pump event: ADXBTC - 2022-09-20 15:56:00. While parsing ticker WNXMBTC
DEBUG - Empty df_ticker. Pump Pump event: ADXBTC - 2022-09-20 15:56:00. While parsing ticker WPRBTC
DEBUG - Empty df_ticker. Pump Pump event: ADXBTC - 2022-09-20 15:56:00. While parsing ticker XVGBTC
DEBUG - Empty df_ticker. Pump Pump event: ADXBTC - 2022-09-20 15:56:00. While parsing ticker XZCBTC
DEBUG - Empty df_ticker. Pump Pump event: POABTC - 2021-10-21 16:00:00. While parsing ticker ACABTC
DEBUG - Empty df_ticker. Pump Pump event: POABTC - 2021-10-21 16:00:00. While parsing ticker ACHBTC
DEBUG - Empty df_ticker. Pump Pump event: POABTC - 2021-10-21 16:00:00. While parsing ticker AEBTC
DEBUG - Empty df_ticker. Pump Pump event: POABTC - 2021-10-21 16:00:00. While parsing ticker AGIBTC
DEBUG - Empty df_ticker. Pump Pump event: POABTC - 2021-10-21 16:00:00. While parsing ticker AGLDBTC
DEBUG - Empty df_ticker. Pump Pump event: POABTC - 2021-10-21 16:00:00. While parsing ticker ALCXBTC
DEBUG - Empty df_ticker. Pump Pump event: POABTC - 2021-10-21 16:00:00. While parsing ticker ALPACABTC
DEBUG - Empty df_ticker. Pump Pump event: POABTC - 2021-10-21 16:00:00. While parsing ticker ALPINEBTC
DEBUG - Empty df_ticker. Pump Pump event: POABTC - 2021-10-21 16:00:00. While parsing ticker AMPBTC
DEBUG - Empty df_ticker. Pump Pump event: POABTC - 2021-10-21 16:00:00. While parsing ticker ANCBTC
DEBUG - Empty df_ticker. Pump Pump event: POABTC - 2021-10-21 16:00:00. While parsing ticker ANYBTC
DEBUG - Empty df_ticker. Pump Pump event: POABTC - 2021-10-21 16:00:00. While parsing ticker APEBTC
DEBUG - Empty df_ticker. Pump Pump event: POABTC - 2021-10-21 16:00:00. While parsing ticker API3BTC
DEBUG - Empty df_ticker. Pump Pump event: POABTC - 2021-10-21 16:00:00. While parsing ticker ARBBTC
DEBUG - Empty df_ticker. Pump Pump event: POABTC - 2021-10-21 16:00:00. While parsing ticker ARKMBTC
DEBUG - Empty df_ticker. Pump Pump event: POABTC - 2021-10-21 16:00:00. While parsing ticker ARNBTC
DEBUG - Empty df_ticker. Pump Pump event: NASBTC - 2021-08-22 17:00:00. While parsing ticker ACABTC
DEBUG - Empty df_ticker. Pump Pump event: NASBTC - 2021-08-22 17:00:00. While parsing ticker ACHBTC
DEBUG - Empty df_ticker. Pump Pump event: NASBTC - 2021-08-22 17:00:00. While parsing ticker AEBTC
DEBUG - Empty df_ticker. Pump Pump event: NASBTC - 2021-08-22 17:00:00. While parsing ticker AGIBTC
DEBUG - Empty df_ticker. Pump Pump event: NASBTC - 2021-08-22 17:00:00. While parsing ticker AGIXBTC
DEBUG - Empty df_ticker. Pump Pump event: NASBTC - 2021-08-22 17:00:00. While parsing ticker AGLDBTC
DEBUG - Empty df_ticker. Pump Pump event: NASBTC - 2021-08-22 17:00:00. While parsing ticker ALCXBTC
DEBUG - Empty df_ticker. Pump Pump event: NASBTC - 2021-08-22 17:00:00. While parsing ticker ALPACABTC
DEBUG - Empty df_ticker. Pump Pump event: NASBTC - 2021-08-22 17:00:00. While parsing ticker ALPINEBTC
DEBUG - Empty df_ticker. Pump Pump event: NASBTC - 2021-08-22 17:00:00. While parsing ticker AMPBTC
DEBUG - Empty df_ticker. Pump Pump event: NASBTC - 2021-08-22 17:00:00. While parsing ticker ANCBTC
DEBUG - Empty df_ticker. Pump Pump event: NASBTC - 2021-08-22 17:00:00. While parsing ticker ANYBTC
DEBUG - Empty df_ticker. Pump Pump event: NASBTC - 2021-08-22 17:00:00. While parsing ticker APEBTC
DEBUG - Empty df_ticker. Pump Pump event: NASBTC - 2021-08-22 17:00:00. While parsing ticker API3BTC
DEBUG - Empty df_ticker. Pump Pump event: NASBTC - 2021-08-22 17:00:00. While parsing ticker ACABTC
DEBUG - Empty df_ticker. Pump Pump event: NASBTC - 2021-08-22 17:00:00. While parsing ticker ACHBTC
DEBUG - Empty df_ticker. Pump Pump event: ADXBTC - 2022-09-20 15:56:00. While parsing ticker AEBTC
DEBUG - Empty df_ticker. Pump Pump event: ADXBTC - 2022-09-20 15:56:00. While parsing ticker AGIBTC
DEBUG - Empty df_ticker. Pump Pump event: ADXBTC - 2022-09-20 15:56:00. While parsing ticker AEBTC
DEBUG - Empty df_ticker. Pump Pump event: ADXBTC - 2022-09-20 15:56:00. While parsing ticker AGIBTC
DEBUG - Empty df_ticker. Pump Pump event: ADXBTC - 2022-09-20 15:56:00. While parsing ticker AEBTC
DEBUG - Empty df_ticker. Pump Pump event: ADXBTC - 2022-09-20 15:56:00. While parsing ticker AGIBTC
DEBUG - Empty df_ticker. Pump Pump event: ADXBTC - 2022-09-20 15:56:00. While parsing ticker AEBTC
DEBUG - Empty df_ticker. Pump Pump event: ADXBTC - 2022-09-20 15:56:00. While parsing ticker AGIBTC
DEBUG - Empty df_ticker. Pump Pump event: ADXBTC - 2022-09-20 15:56:00. While parsing ticker AEBTC
DEBUG - Empty df_ticker. Pump Pump event: ADXBTC - 2022-09-20 15:56:00. While parsing ticker AGIBTC
DEBUG - Empty df_ticker. Pump Pump event: ADXBTC - 2022-09-20 15:56:00. While parsing ticker AEBTC
DEBUG - Empty df_ticker. Pump Pump event: ADXBTC - 2022-09-20 15:56:00. While parsing ticker AGIBTC
DEBUG - Empty df_ticker. Pump Pump event: ADXBTC - 2022-09-20 15:56:00. While parsing ticker AEBTC
DEBUG - Empty df_ticker. Pump Pump event: ADXBTC - 2022-09-20 15:56:00. While parsing ticker AGIBTC
DEBUG - Empty df_ticker. Pump Pump event: ADXBTC - 2022-09-20 15:56:00. While parsing ticker AEBTC
DEBUG - Empty df_ticker. Pump Pump event: ADXBTC - 2022-09-20 15:56:00. While parsing ticker AGIBTC
DEBUG - Empty df_ticker. Pump Pump event: ADXBTC - 2022-09-20 15:56:00. While parsing ticker AEBTC
DEBUG - Empty df_ticker. Pump Pump event: ADXBTC - 2022-09-20 15:56:00. While parsing ticker AGIBTC
DEBUG - Empty df_ticker. Pump Pump event: POABTC - 2021-10-21 16:00:00. While parsing ticker ACABTC
DEBUG - Empty df_ticker. Pump Pump event: POABTC - 2021-10-21 16:00:00. While parsing ticker ACHBTC
DEBUG - Empty df_ticker. Pump Pump event: POABTC - 2021-10-21 16:00:00. While parsing ticker AEBTC
DEBUG - Empty df_ticker. Pump Pump event: POABTC - 2021-10-21 16:00:00. While parsing ticker AGIBTC
DEBUG - Empty df_ticker. Pump Pump event: POABTC - 2021-10-21 16:00:00. While parsing ticker AGLDBTC
DEBUG - Empty df_ticker. Pump Pump event: WRXBTC - 2021-08-20 11:40:00. While parsing ticker ACABTC
DEBUG - Empty df_ticker. Pump Pump event: WRXBTC - 2021-08-20 11:40:00. While parsing ticker ACHBTC
DEBUG - Empty df_ticker. Pump Pump event: WRXBTC - 2021-08-20 11:40:00. While parsing ticker AEBTC
DEBUG - Empty df_ticker. Pump Pump event: NASBTC - 2021-08-22 17:00:00. While parsing ticker ACABTC
DEBUG - Empty df_ticker. Pump Pump event: NASBTC - 2021-08-22 17:00:00. While parsing ticker ACHBTC
DEBUG - Empty df_ticker. Pump Pump event: NASBTC - 2021-08-22 17:00:00. While parsing ticker AEBTC
DEBUG - Empty df_ticker. Pump Pump event: NASBTC - 2021-08-22 17:00:00. While parsing ticker AGIBTC
DEBUG - Empty df_ticker. Pump Pump event: NASBTC - 2021-08-22 17:00:00. While parsing ticker AGIXBTC
DEBUG - Empty df_ticker. Pump Pump event: NASBTC - 2021-08-22 17:00:00. While parsing ticker AGLDBTC
DEBUG - Empty df_ticker. Pump Pump event: WRXBTC - 2021-08-20 11:40:00. While parsing ticker ACABTC
DEBUG - Empty df_ticker. Pump Pump event: WRXBTC - 2021-08-20 11:40:00. While parsing ticker ACHBTC
DEBUG - Empty df_ticker. Pump Pump event: NEBLBTC - 2022-01-02 17:00:00. While parsing ticker ACABTC
DEBUG - Empty df_ticker. Pump Pump event: NEBLBTC - 2022-01-02 17:00:00. While parsing ticker ACHBTC
DEBUG - Empty df_ticker. Pump Pump event: NEBLBTC - 2022-01-02 17:00:00. While parsing ticker AEBTC
DEBUG - Empty df_ticker. Pump Pump event: NEBLBTC - 2022-01-02 17:00:00. While parsing ticker AGIBTC
DEBUG - Empty df_ticker. Pump Pump event: CTXCBTC - 2021-12-24 12:49:00. While parsing ticker ACABTC
DEBUG - Empty df_ticker. Pump Pump event: CTXCBTC - 2021-12-24 12:49:00. While parsing ticker ACHBTC
DEBUG - Empty df_ticker. Pump Pump event: CTXCBTC - 2021-12-24 12:49:00. While parsing ticker AEBTC
DEBUG - Empty df_ticker. Pump Pump event: CTXCBTC - 2021-12-24 12:49:00. While parsing ticker AGIBTC
DEBUG - Empty df_ticker. Pump Pump event: CTXCBTC - 2021-12-24 12:49:00. While parsing ticker AGLDBTC
DEBUG - Empty df_ticker. Pump Pump event: WNXMBTC - 2021-10-10 17:00:00. While parsing ticker ACABTC
DEBUG - Empty df_ticker. Pump Pump event: WNXMBTC - 2021-10-10 17:00:00. While parsing ticker ACHBTC
DEBUG - Empty df_ticker. Pump Pump event: WRXBTC - 2021-08-20 11:40:00. While parsing ticker ACABTC
DEBUG - Empty df_ticker. Pump Pump event: WRXBTC - 2021-08-20 11:40:00. While parsing ticker ACHBTC
DEBUG - Empty df_ticker. Pump Pump event: WRXBTC - 2021-08-20 11:40:00. While parsing ticker AEBTC
DEBUG - Empty df_ticker. Pump Pump event: WRXBTC - 2021-08-20 11:40:00. While parsing ticker AGIBTC
DEBUG - Empty df_ticker. Pump Pump event: WRXBTC - 2021-08-20 11:40:00. While parsing ticker AGIXBTC
DEBUG - Empty df_ticker. Pump Pump event: WRXBTC - 2021-08-20 11:40:00. While parsing ticker AGLDBTC
DEBUG - Empty df_ticker. Pump Pump event: WNXMBTC - 2021-10-10 17:00:00. While parsing ticker ACABTC
DEBUG - Empty df_ticker. Pump Pump event: WNXMBTC - 2021-10-10 17:00:00. While parsing ticker ACHBTC
DEBUG - Empty df_ticker. Pump Pump event: WABIBTC - 2021-10-14 15:00:00. While parsing ticker ACABTC
DEBUG - Empty df_ticker. Pump Pump event: WABIBTC - 2021-10-14 15:00:00. While parsing ticker ACHBTC
DEBUG - Empty df_ticker. Pump Pump event: WABIBTC - 2021-10-14 15:00:00. While parsing ticker AEBTC
DEBUG - Empty df_ticker. Pump Pump event: WABIBTC - 2021-10-14 15:00:00. While parsing ticker AGIBTC
DEBUG - Empty df_ticker. Pump Pump event: WABIBTC - 2021-10-14 15:00:00. While parsing ticker AGLDBTC
DEBUG - Empty df_ticker. Pump Pump event: GRSBTC - 2021-12-06 16:00:00. While parsing ticker ACABTC
DEBUG - Empty df_ticker. Pump Pump event: GRSBTC - 2021-12-06 16:00:00. While parsing ticker ACHBTC
DEBUG - Empty df_ticker. Pump Pump event: WNXMBTC - 2021-10-10 17:00:00. While parsing ticker ACABTC
DEBUG - Empty df_ticker. Pump Pump event: WNXMBTC - 2021-10-10 17:00:00. While parsing ticker ACHBTC
DEBUG - Empty df_ticker. Pump Pump event: WNXMBTC - 2021-10-10 17:00:00. While parsing ticker AEBTC
DEBUG - Empty df_ticker. Pump Pump event: WNXMBTC - 2021-10-10 17:00:00. While parsing ticker AGIBTC
DEBUG - Empty df_ticker. Pump Pump event: WNXMBTC - 2021-10-10 17:00:00. While parsing ticker AGLDBTC
DEBUG - Empty df_ticker. Pump Pump event: WNXMBTC - 2021-10-10 17:00:00. While parsing ticker ACABTC
DEBUG - Empty df_ticker. Pump Pump event: WNXMBTC - 2021-10-10 17:00:00. While parsing ticker ACHBTC
DEBUG - Empty df_ticker. Pump Pump event: WNXMBTC - 2021-10-10 17:00:00. While parsing ticker AEBTC
DEBUG - Empty df_ticker. Pump Pump event: WNXMBTC - 2021-10-10 17:00:00. While parsing ticker AGIBTC
DEBUG - Empty df_ticker. Pump Pump event: WNXMBTC - 2021-10-10 17:00:00. While parsing ticker AGLDBTC
DEBUG - Empty df_ticker. Pump Pump event: WNXMBTC - 2021-10-10 17:00:00. While parsing ticker ACABTC
DEBUG - Empty df_ticker. Pump Pump event: WNXMBTC - 2021-10-10 17:00:00. While parsing ticker ACHBTC
DEBUG - Empty df_ticker. Pump Pump event: WNXMBTC - 2021-10-10 17:00:00. While parsing ticker AEBTC
DEBUG - Empty df_ticker. Pump Pump event: WNXMBTC - 2021-10-10 17:00:00. While parsing ticker AGIBTC
DEBUG - Empty df_ticker. Pump Pump event: WNXMBTC - 2021-10-10 17:00:00. While parsing ticker AGLDBTC
DEBUG - Empty df_ticker. Pump Pump event: WNXMBTC - 2021-10-10 17:00:00. While parsing ticker ACABTC
DEBUG - Empty df_ticker. Pump Pump event: WNXMBTC - 2021-10-10 17:00:00. While parsing ticker ACHBTC
DEBUG - Empty df_ticker. Pump Pump event: WNXMBTC - 2021-10-10 17:00:00. While parsing ticker AEBTC
DEBUG - Empty df_ticker. Pump Pump event: WNXMBTC - 2021-10-10 17:00:00. While parsing ticker AGIBTC
DEBUG - Empty df_ticker. Pump Pump event: WNXMBTC - 2021-10-10 17:00:00. While parsing ticker AGLDBTC
DEBUG - Empty df_ticker. Pump Pump event: NEBLBTC - 2021-12-05 15:00:00. While parsing ticker ACABTC
DEBUG - Empty df_ticker. Pump Pump event: NEBLBTC - 2021-12-05 15:00:00. While parsing ticker ACHBTC
DEBUG - Empty df_ticker. Pump Pump event: NEBLBTC - 2021-12-05 15:00:00. While parsing ticker AEBTC
DEBUG - Empty df_ticker. Pump Pump event: GRSBTC - 2021-12-06 16:00:00. While parsing ticker ACABTC
DEBUG - Empty df_ticker. Pump Pump event: GRSBTC - 2021-12-06 16:00:00. While parsing ticker ACHBTC
DEBUG - Empty df_ticker. Pump Pump event: GRSBTC - 2021-12-06 16:00:00. While parsing ticker AEBTC
DEBUG - Empty df_ticker. Pump Pump event: GRSBTC - 2021-12-06 16:00:00. While parsing ticker AGIBTC
DEBUG - Empty df_ticker. Pump Pump event: GRSBTC - 2021-12-06 16:00:00. While parsing ticker AGLDBTC
DEBUG - Empty df_ticker. Pump Pump event: BEAMBTC - 2022-08-07 17:40:00. While parsing ticker AEBTC
DEBUG - Empty df_ticker. Pump Pump event: BEAMBTC - 2022-08-07 17:40:00. While parsing ticker AGIBTC
DEBUG - Empty df_ticker. Pump Pump event: NEBLBTC - 2021-12-05 15:00:00. While parsing ticker ACABTC
DEBUG - Empty df_ticker. Pump Pump event: NEBLBTC - 2021-12-05 15:00:00. While parsing ticker ACHBTC
DEBUG - Empty df_ticker. Pump Pump event: NEBLBTC - 2021-12-05 15:00:00. While parsing ticker AEBTC
DEBUG - Empty df_ticker. Pump Pump event: NEBLBTC - 2021-12-05 15:00:00. While parsing ticker AGIBTC
DEBUG - Empty df_ticker. Pump Pump event: NEBLBTC - 2021-12-05 15:00:00. While parsing ticker AGLDBTC
DEBUG - Empty df_ticker. Pump Pump event: NEBLBTC - 2021-12-05 15:00:00. While parsing ticker ACABTC
DEBUG - Empty df_ticker. Pump Pump event: NEBLBTC - 2021-12-05 15:00:00. While parsing ticker ACHBTC
DEBUG - Empty df_ticker. Pump Pump event: NEBLBTC - 2021-12-05 15:00:00. While parsing ticker AEBTC
DEBUG - Empty df_ticker. Pump Pump event: NEBLBTC - 2021-12-05 15:00:00. While parsing ticker AGIBTC
DEBUG - Empty df_ticker. Pump Pump event: NEBLBTC - 2021-12-05 15:00:00. While parsing ticker AGLDBTC
DEBUG - Empty df_ticker. Pump Pump event: NEBLBTC - 2021-12-05 15:00:00. While parsing ticker ACABTC
DEBUG - Empty df_ticker. Pump Pump event: NEBLBTC - 2021-12-05 15:00:00. While parsing ticker ACHBTC
DEBUG - Empty df_ticker. Pump Pump event: NEBLBTC - 2021-12-05 15:00:00. While parsing ticker AEBTC
DEBUG - Empty df_ticker. Pump Pump event: NEBLBTC - 2021-12-05 15:00:00. While parsing ticker AGIBTC
DEBUG - Empty df_ticker. Pump Pump event: NEBLBTC - 2021-12-05 15:00:00. While parsing ticker AGLDBTC
DEBUG - Empty df_ticker. Pump Pump event: NEBLBTC - 2021-12-05 15:00:00. While parsing ticker ACABTC
DEBUG - Empty df_ticker. Pump Pump event: NEBLBTC - 2021-12-05 15:00:00. While parsing ticker ACHBTC
DEBUG - Empty df_ticker. Pump Pump event: NEBLBTC - 2021-12-05 15:00:00. While parsing ticker AEBTC
DEBUG - Empty df_ticker. Pump Pump event: NEBLBTC - 2021-12-05 15:00:00. While parsing ticker AGIBTC
DEBUG - Empty df_ticker. Pump Pump event: NEBLBTC - 2021-12-05 15:00:00. While parsing ticker AGLDBTC
DEBUG - Empty df_ticker. Pump Pump event: NEBLBTC - 2021-12-05 15:00:00. While parsing ticker ACABTC
DEBUG - Empty df_ticker. Pump Pump event: NEBLBTC - 2021-12-05 15:00:00. While parsing ticker ACHBTC
DEBUG - Empty df_ticker. Pump Pump event: NEBLBTC - 2021-12-05 15:00:00. While parsing ticker AEBTC
DEBUG - Empty df_ticker. Pump Pump event: NEBLBTC - 2021-12-05 15:00:00. While parsing ticker AGIBTC
DEBUG - Empty df_ticker. Pump Pump event: NEBLBTC - 2021-12-05 15:00:00. While parsing ticker AGLDBTC
DEBUG - Empty df_ticker. Pump Pump event: NEBLBTC - 2021-12-05 15:00:00. While parsing ticker ACABTC
DEBUG - Empty df_ticker. Pump Pump event: NEBLBTC - 2021-12-05 15:00:00. While parsing ticker ACHBTC
DEBUG - Empty df_ticker. Pump Pump event: NEBLBTC - 2021-12-05 15:00:00. While parsing ticker AEBTC
DEBUG - Empty df_ticker. Pump Pump event: NEBLBTC - 2021-12-05 15:00:00. While parsing ticker AGIBTC
DEBUG - Empty df_ticker. Pump Pump event: NEBLBTC - 2021-12-05 15:00:00. While parsing ticker AGLDBTC
DEBUG - Empty df_ticker. Pump Pump event: NEBLBTC - 2021-12-05 15:00:00. While parsing ticker ACABTC
DEBUG - Empty df_ticker. Pump Pump event: NEBLBTC - 2021-12-05 15:00:00. While parsing ticker ACHBTC
DEBUG - Empty df_ticker. Pump Pump event: NEBLBTC - 2021-12-05 15:00:00. While parsing ticker AEBTC
DEBUG - Empty df_ticker. Pump Pump event: NEBLBTC - 2021-12-05 15:00:00. While parsing ticker AGIBTC
DEBUG - Empty df_ticker. Pump Pump event: NEBLBTC - 2021-12-05 15:00:00. While parsing ticker AGLDBTC
DEBUG - Empty df_ticker. Pump Pump event: NEBLBTC - 2021-12-05 15:00:00. While parsing ticker ACABTC
DEBUG - Empty df_ticker. Pump Pump event: NEBLBTC - 2021-12-05 15:00:00. While parsing ticker ACHBTC
DEBUG - Empty df_ticker. Pump Pump event: NEBLBTC - 2021-12-05 15:00:00. While parsing ticker AEBTC
DEBUG - Empty df_ticker. Pump Pump event: NEBLBTC - 2021-12-05 15:00:00. While parsing ticker AGIBTC
DEBUG - Empty df_ticker. Pump Pump event: NEBLBTC - 2021-12-05 15:00:00. While parsing ticker AGLDBTC
DEBUG - Empty df_ticker. Pump Pump event: DREPBTC - 2021-07-25 17:00:00. While parsing ticker ACABTC
DEBUG - Empty df_ticker. Pump Pump event: DREPBTC - 2021-07-25 17:00:00. While parsing ticker ACHBTC
DEBUG - Empty df_ticker. Pump Pump event: DREPBTC - 2021-07-25 17:00:00. While parsing ticker AEBTC
DEBUG - Empty df_ticker. Pump Pump event: DREPBTC - 2021-07-25 17:00:00. While parsing ticker AGIBTC
DEBUG - Empty df_ticker. Pump Pump event: DREPBTC - 2021-07-25 17:00:00. While parsing ticker AGIXBTC
DEBUG - Empty df_ticker. Pump Pump event: DREPBTC - 2021-07-25 17:00:00. While parsing ticker AGLDBTC
DEBUG - Using json encoder/decoder
DEBUG - Empty df_ticker. Pump Pump event: MDABTC - 2022-07-23 13:16:00. While parsing ticker AEBTC
DEBUG - Empty df_ticker. Pump Pump event: MDABTC - 2022-07-23 13:16:00. While parsing ticker AGIBTC
DEBUG - Empty df_ticker. Pump Pump event: SKYBTC - 2021-10-05 15:00:00. While parsing ticker ACABTC
DEBUG - Empty df_ticker. Pump Pump event: SKYBTC - 2021-10-05 15:00:00. While parsing ticker ACHBTC
DEBUG - Empty df_ticker. Pump Pump event: SKYBTC - 2021-10-05 15:00:00. While parsing ticker AEBTC
DEBUG - Empty df_ticker. Pump Pump event: SKYBTC - 2021-10-05 15:00:00. While parsing ticker AGIBTC
DEBUG - Empty df_ticker. Pump Pump event: SKYBTC - 2021-10-05 15:00:00. While parsing ticker AGLDBTC
DEBUG - Empty df_ticker. Pump Pump event: POABTC - 2021-07-11 17:00:00. While parsing ticker ACABTC
DEBUG - Empty df_ticker. Pump Pump event: POABTC - 2021-07-11 17:00:00. While parsing ticker ACHBTC
DEBUG - Empty df_ticker. Pump Pump event: POABTC - 2021-07-11 17:00:00. While parsing ticker AEBTC
DEBUG - Empty df_ticker. Pump Pump event: ADXBTC - 2022-09-20 15:56:00. While parsing ticker AEBTC
DEBUG - Empty df_ticker. Pump Pump event: ADXBTC - 2022-09-20 15:56:00. While parsing ticker AGIBTC
DEBUG - Using json encoder/decoder
DEBUG - Empty df_ticker. Pump Pump event: POABTC - 2021-10-21 16:00:00. While parsing ticker ACABTC
DEBUG - Empty df_ticker. Pump Pump event: POABTC - 2021-10-21 16:00:00. While parsing ticker ACHBTC
DEBUG - Empty df_ticker. Pump Pump event: POABTC - 2021-10-21 16:00:00. While parsing ticker AEBTC
DEBUG - Empty df_ticker. Pump Pump event: POABTC - 2021-10-21 16:00:00. While parsing ticker AGIBTC
DEBUG - Empty df_ticker. Pump Pump event: POABTC - 2021-10-21 16:00:00. While parsing ticker AGLDBTC
DEBUG - Empty df_ticker. Pump Pump event: WRXBTC - 2021-08-20 11:40:00. While parsing ticker ACABTC
DEBUG - Empty df_ticker. Pump Pump event: WRXBTC - 2021-08-20 11:40:00. While parsing ticker ACHBTC
DEBUG - Empty df_ticker. Pump Pump event: WRXBTC - 2021-08-20 11:40:00. While parsing ticker AEBTC
DEBUG - Empty df_ticker. Pump Pump event: WRXBTC - 2021-08-20 11:40:00. While parsing ticker AGIBTC
DEBUG - Empty df_ticker. Pump Pump event: WRXBTC - 2021-08-20 11:40:00. While parsing ticker AGIXBTC
DEBUG - Empty df_ticker. Pump Pump event: WRXBTC - 2021-08-20 11:40:00. While parsing ticker AGLDBTC
DEBUG - Empty df_ticker. Pump Pump event: WABIBTC - 2021-10-14 15:00:00. While parsing ticker ACABTC
DEBUG - Empty df_ticker. Pump Pump event: WABIBTC - 2021-10-14 15:00:00. While parsing ticker ACHBTC
DEBUG - Empty df_ticker. Pump Pump event: WABIBTC - 2021-10-14 15:00:00. While parsing ticker AEBTC
DEBUG - Empty df_ticker. Pump Pump event: WABIBTC - 2021-10-14 15:00:00. While parsing ticker AGIBTC
DEBUG - Empty df_ticker. Pump Pump event: WABIBTC - 2021-10-14 15:00:00. While parsing ticker AGLDBTC
DEBUG - Empty df_ticker. Pump Pump event: GRSBTC - 2021-12-06 16:00:00. While parsing ticker ACABTC
DEBUG - Empty df_ticker. Pump Pump event: GRSBTC - 2021-12-06 16:00:00. While parsing ticker ACHBTC
DEBUG - Empty df_ticker. Pump Pump event: GRSBTC - 2021-12-06 16:00:00. While parsing ticker AEBTC
DEBUG - Empty df_ticker. Pump Pump event: GRSBTC - 2021-12-06 16:00:00. While parsing ticker AGIBTC
DEBUG - Empty df_ticker. Pump Pump event: GRSBTC - 2021-12-06 16:00:00. While parsing ticker AGLDBTC
DEBUG - Empty df_ticker. Pump Pump event: BEAMBTC - 2022-08-07 17:40:00. While parsing ticker AEBTC
DEBUG - Empty df_ticker. Pump Pump event: BEAMBTC - 2022-08-07 17:40:00. While parsing ticker AGIBTC
DEBUG - Empty df_ticker. Pump Pump event: PHBBTC - 2021-11-28 17:00:00. While parsing ticker ACABTC
DEBUG - Empty df_ticker. Pump Pump event: PHBBTC - 2021-11-28 17:00:00. While parsing ticker ACHBTC
DEBUG - Empty df_ticker. Pump Pump event: PHBBTC - 2021-11-28 17:00:00. While parsing ticker AEBTC
DEBUG - Empty df_ticker. Pump Pump event: PHBBTC - 2021-11-28 17:00:00. While parsing ticker AGIBTC
DEBUG - Empty df_ticker. Pump Pump event: PHBBTC - 2021-11-28 17:00:00. While parsing ticker AGLDBTC
DEBUG - Empty df_ticker. Pump Pump event: VIBBTC - 2021-11-28 15:26:00. While parsing ticker ACABTC
DEBUG - Empty df_ticker. Pump Pump event: VIBBTC - 2021-11-28 15:26:00. While parsing ticker ACHBTC
DEBUG - Empty df_ticker. Pump Pump event: VIBBTC - 2021-11-28 15:26:00. While parsing ticker AEBTC
DEBUG - Empty df_ticker. Pump Pump event: VIBBTC - 2021-11-28 15:26:00. While parsing ticker AGIBTC
DEBUG - Empty df_ticker. Pump Pump event: VIBBTC - 2021-11-28 15:26:00. While parsing ticker AGLDBTC
DEBUG - Empty df_ticker. Pump Pump event: NASBTC - 2021-08-22 17:00:00. While parsing ticker ACABTC
DEBUG - Empty df_ticker. Pump Pump event: NASBTC - 2021-08-22 17:00:00. While parsing ticker ACHBTC
DEBUG - Empty df_ticker. Pump Pump event: NASBTC - 2021-08-22 17:00:00. While parsing ticker AEBTC
DEBUG - Empty df_ticker. Pump Pump event: NASBTC - 2021-08-22 17:00:00. While parsing ticker AGIBTC
DEBUG - Empty df_ticker. Pump Pump event: NASBTC - 2021-08-22 17:00:00. While parsing ticker AGIXBTC
DEBUG - Empty df_ticker. Pump Pump event: NASBTC - 2021-08-22 17:00:00. While parsing ticker AGLDBTC
DEBUG - Empty df_ticker. Pump Pump event: ADXBTC - 2022-09-20 15:56:00. While parsing ticker AEBTC
DEBUG - Empty df_ticker. Pump Pump event: ADXBTC - 2022-09-20 15:56:00. While parsing ticker AGIBTC
DEBUG - Empty df_ticker. Pump Pump event: ADXBTC - 2022-09-20 15:56:00. While parsing ticker AKROBTC
DEBUG - Empty df_ticker. Pump Pump event: ADXBTC - 2022-09-20 15:56:00. While parsing ticker ANYBTC
DEBUG - Empty df_ticker. Pump Pump event: ADXBTC - 2022-09-20 15:56:00. While parsing ticker APPCBTC
DEBUG - Empty df_ticker. Pump Pump event: ADXBTC - 2022-09-20 15:56:00. While parsing ticker ARBBTC
DEBUG - Empty df_ticker. Pump Pump event: ADXBTC - 2022-09-20 15:56:00. While parsing ticker ARKMBTC
DEBUG - Empty df_ticker. Pump Pump event: ADXBTC - 2022-09-20 15:56:00. While parsing ticker ARNBTC
DEBUG - Empty df_ticker. Pump Pump event: ADXBTC - 2022-09-20 15:56:00. While parsing ticker BCCBTC
DEBUG - Empty df_ticker. Pump Pump event: ADXBTC - 2022-09-20 15:56:00. While parsing ticker BCDBTC
DEBUG - Empty df_ticker. Pump Pump event: ADXBTC - 2022-09-20 15:56:00. While parsing ticker BCNBTC
DEBUG - Empty df_ticker. Pump Pump event: ADXBTC - 2022-09-20 15:56:00. While parsing ticker BCPTBTC
DEBUG - Empty df_ticker. Pump Pump event: ADXBTC - 2022-09-20 15:56:00. While parsing ticker BLURBTC
DEBUG - Empty df_ticker. Pump Pump event: ADXBTC - 2022-09-20 15:56:00. While parsing ticker BOTBTC
DEBUG - Empty df_ticker. Pump Pump event: ADXBTC - 2022-09-20 15:56:00. While parsing ticker BRDBTC
DEBUG - Empty df_ticker. Pump Pump event: ADXBTC - 2022-09-20 15:56:00. While parsing ticker BTCBBTC
DEBUG - Empty df_ticker. Pump Pump event: ADXBTC - 2022-09-20 15:56:00. While parsing ticker BTTBTC
DEBUG - Empty df_ticker. Pump Pump event: ADXBTC - 2022-09-20 15:56:00. While parsing ticker BZRXBTC
DEBUG - Empty df_ticker. Pump Pump event: ADXBTC - 2022-09-20 15:56:00. While parsing ticker CDTBTC
DEBUG - Empty df_ticker. Pump Pump event: ADXBTC - 2022-09-20 15:56:00. While parsing ticker CHATBTC
DEBUG - Empty df_ticker. Pump Pump event: ADXBTC - 2022-09-20 15:56:00. While parsing ticker CKBBTC
DEBUG - Empty df_ticker. Pump Pump event: ADXBTC - 2022-09-20 15:56:00. While parsing ticker CLOAKBTC
DEBUG - Empty df_ticker. Pump Pump event: ADXBTC - 2022-09-20 15:56:00. While parsing ticker CMTBTC
DEBUG - Empty df_ticker. Pump Pump event: ADXBTC - 2022-09-20 15:56:00. While parsing ticker CNDBTC
DEBUG - Empty df_ticker. Pump Pump event: ADXBTC - 2022-09-20 15:56:00. While parsing ticker COCOSBTC
DEBUG - Empty df_ticker. Pump Pump event: ADXBTC - 2022-09-20 15:56:00. While parsing ticker CYBERBTC
DEBUG - Empty df_ticker. Pump Pump event: ADXBTC - 2022-09-20 15:56:00. While parsing ticker DENTBTC
DEBUG - Empty df_ticker. Pump Pump event: ADXBTC - 2022-09-20 15:56:00. While parsing ticker DGDBTC
DEBUG - Empty df_ticker. Pump Pump event: ADXBTC - 2022-09-20 15:56:00. While parsing ticker DLTBTC
DEBUG - Empty df_ticker. Pump Pump event: ADXBTC - 2022-09-20 15:56:00. While parsing ticker EASYBTC
DEBUG - Empty df_ticker. Pump Pump event: ADXBTC - 2022-09-20 15:56:00. While parsing ticker EDOBTC
DEBUG - Empty df_ticker. Pump Pump event: ADXBTC - 2022-09-20 15:56:00. While parsing ticker EDUBTC
DEBUG - Empty df_ticker. Pump Pump event: ADXBTC - 2022-09-20 15:56:00. While parsing ticker ENGBTC
DEBUG - Empty df_ticker. Pump Pump event: ADXBTC - 2022-09-20 15:56:00. While parsing ticker EPSBTC
DEBUG - Empty df_ticker. Pump Pump event: ADXBTC - 2022-09-20 15:56:00. While parsing ticker ERDBTC
DEBUG - Empty df_ticker. Pump Pump event: ADXBTC - 2022-09-20 15:56:00. While parsing ticker EVXBTC
DEBUG - Empty df_ticker. Pump Pump event: ADXBTC - 2022-09-20 15:56:00. While parsing ticker EZBTC
DEBUG - Empty df_ticker. Pump Pump event: ADXBTC - 2022-09-20 15:56:00. While parsing ticker FUELBTC
DEBUG - Empty df_ticker. Pump Pump event: ADXBTC - 2022-09-20 15:56:00. While parsing ticker FUNBTC
DEBUG - Empty df_ticker. Pump Pump event: ADXBTC - 2022-09-20 15:56:00. While parsing ticker GMXBTC
DEBUG - Empty df_ticker. Pump Pump event: ADXBTC - 2022-09-20 15:56:00. While parsing ticker GNOBTC
DEBUG - Empty df_ticker. Pump Pump event: ADXBTC - 2022-09-20 15:56:00. While parsing ticker GNSBTC
DEBUG - Empty df_ticker. Pump Pump event: ADXBTC - 2022-09-20 15:56:00. While parsing ticker GNTBTC
DEBUG - Empty df_ticker. Pump Pump event: ADXBTC - 2022-09-20 15:56:00. While parsing ticker GOBTC
DEBUG - Empty df_ticker. Pump Pump event: ADXBTC - 2022-09-20 15:56:00. While parsing ticker GRSBTC
DEBUG - Empty df_ticker. Pump Pump event: ADXBTC - 2022-09-20 15:56:00. While parsing ticker GVTBTC
DEBUG - Empty df_ticker. Pump Pump event: ADXBTC - 2022-09-20 15:56:00. While parsing ticker HCBTC
DEBUG - Empty df_ticker. Pump Pump event: ADXBTC - 2022-09-20 15:56:00. While parsing ticker HFTBTC
DEBUG - Empty df_ticker. Pump Pump event: ADXBTC - 2022-09-20 15:56:00. While parsing ticker HOOKBTC
DEBUG - Empty df_ticker. Pump Pump event: ADXBTC - 2022-09-20 15:56:00. While parsing ticker HOTBTC
DEBUG - Empty df_ticker. Pump Pump event: ADXBTC - 2022-09-20 15:56:00. While parsing ticker ICNBTC
DEBUG - Empty df_ticker. Pump Pump event: ADXBTC - 2022-09-20 15:56:00. While parsing ticker IDBTC
DEBUG - Empty df_ticker. Pump Pump event: ADXBTC - 2022-09-20 15:56:00. While parsing ticker KEEPBTC
DEBUG - Empty df_ticker. Pump Pump event: ADXBTC - 2022-09-20 15:56:00. While parsing ticker KEYBTC
DEBUG - Empty df_ticker. Pump Pump event: ADXBTC - 2022-09-20 15:56:00. While parsing ticker LENDBTC
DEBUG - Empty df_ticker. Pump Pump event: ADXBTC - 2022-09-20 15:56:00. While parsing ticker LQTYBTC
DEBUG - Empty df_ticker. Pump Pump event: ADXBTC - 2022-09-20 15:56:00. While parsing ticker LUNABTC
DEBUG - Empty df_ticker. Pump Pump event: ADXBTC - 2022-09-20 15:56:00. While parsing ticker LUNBTC
DEBUG - Empty df_ticker. Pump Pump event: ADXBTC - 2022-09-20 15:56:00. While parsing ticker MAGICBTC
DEBUG - Empty df_ticker. Pump Pump event: ADXBTC - 2022-09-20 15:56:00. While parsing ticker MAVBTC
DEBUG - Empty df_ticker. Pump Pump event: ADXBTC - 2022-09-20 15:56:00. While parsing ticker MBLBTC
DEBUG - Empty df_ticker. Pump Pump event: ADXBTC - 2022-09-20 15:56:00. While parsing ticker MCOBTC
DEBUG - Empty df_ticker. Pump Pump event: ADXBTC - 2022-09-20 15:56:00. While parsing ticker MDABTC
DEBUG - Empty df_ticker. Pump Pump event: ADXBTC - 2022-09-20 15:56:00. While parsing ticker MFTBTC
DEBUG - Empty df_ticker. Pump Pump event: ADXBTC - 2022-09-20 15:56:00. While parsing ticker MODBTC
DEBUG - Empty df_ticker. Pump Pump event: ADXBTC - 2022-09-20 15:56:00. While parsing ticker MTHBTC
DEBUG - Empty df_ticker. Pump Pump event: ADXBTC - 2022-09-20 15:56:00. While parsing ticker NANOBTC
DEBUG - Empty df_ticker. Pump Pump event: ADXBTC - 2022-09-20 15:56:00. While parsing ticker NASBTC
DEBUG - Empty df_ticker. Pump Pump event: ADXBTC - 2022-09-20 15:56:00. While parsing ticker NAVBTC
DEBUG - Empty df_ticker. Pump Pump event: ADXBTC - 2022-09-20 15:56:00. While parsing ticker NBSBTC
DEBUG - Empty df_ticker. Pump Pump event: ADXBTC - 2022-09-20 15:56:00. While parsing ticker NCASHBTC
DEBUG - Empty df_ticker. Pump Pump event: ADXBTC - 2022-09-20 15:56:00. While parsing ticker NPXSBTC
DEBUG - Empty df_ticker. Pump Pump event: ADXBTC - 2022-09-20 15:56:00. While parsing ticker NTRNBTC
DEBUG - Empty df_ticker. Pump Pump event: ADXBTC - 2022-09-20 15:56:00. While parsing ticker NUBTC
DEBUG - Empty df_ticker. Pump Pump event: ADXBTC - 2022-09-20 15:56:00. While parsing ticker NXSBTC
DEBUG - Empty df_ticker. Pump Pump event: ADXBTC - 2022-09-20 15:56:00. While parsing ticker ORDIBTC
DEBUG - Empty df_ticker. Pump Pump event: ADXBTC - 2022-09-20 15:56:00. While parsing ticker OSMOBTC
DEBUG - Empty df_ticker. Pump Pump event: ADXBTC - 2022-09-20 15:56:00. While parsing ticker OSTBTC
DEBUG - Empty df_ticker. Pump Pump event: ADXBTC - 2022-09-20 15:56:00. While parsing ticker PAXBTC
DEBUG - Empty df_ticker. Pump Pump event: ADXBTC - 2022-09-20 15:56:00. While parsing ticker PENDLEBTC
DEBUG - Empty df_ticker. Pump Pump event: ADXBTC - 2022-09-20 15:56:00. While parsing ticker PHXBTC
DEBUG - Empty df_ticker. Pump Pump event: ADXBTC - 2022-09-20 15:56:00. While parsing ticker POABTC
DEBUG - Empty df_ticker. Pump Pump event: ADXBTC - 2022-09-20 15:56:00. While parsing ticker POEBTC
DEBUG - Empty df_ticker. Pump Pump event: ADXBTC - 2022-09-20 15:56:00. While parsing ticker POLYXBTC
DEBUG - Empty df_ticker. Pump Pump event: ADXBTC - 2022-09-20 15:56:00. While parsing ticker PPTBTC
DEBUG - Empty df_ticker. Pump Pump event: ADXBTC - 2022-09-20 15:56:00. While parsing ticker QSPBTC
DEBUG - Empty df_ticker. Pump Pump event: ADXBTC - 2022-09-20 15:56:00. While parsing ticker RAMPBTC
DEBUG - Empty df_ticker. Pump Pump event: ADXBTC - 2022-09-20 15:56:00. While parsing ticker RCNBTC
DEBUG - Empty df_ticker. Pump Pump event: ADXBTC - 2022-09-20 15:56:00. While parsing ticker RDNBTC
DEBUG - Empty df_ticker. Pump Pump event: ADXBTC - 2022-09-20 15:56:00. While parsing ticker RDNTBTC
DEBUG - Empty df_ticker. Pump Pump event: ADXBTC - 2022-09-20 15:56:00. While parsing ticker REEFBTC
DEBUG - Empty df_ticker. Pump Pump event: ADXBTC - 2022-09-20 15:56:00. While parsing ticker RENBTCBTC
DEBUG - Empty df_ticker. Pump Pump event: ADXBTC - 2022-09-20 15:56:00. While parsing ticker RGTBTC
DEBUG - Empty df_ticker. Pump Pump event: ADXBTC - 2022-09-20 15:56:00. While parsing ticker RPLBTC
DEBUG - Empty df_ticker. Pump Pump event: ADXBTC - 2022-09-20 15:56:00. While parsing ticker RSRBTC
DEBUG - Empty df_ticker. Pump Pump event: ADXBTC - 2022-09-20 15:56:00. While parsing ticker SALTBTC
DEBUG - Empty df_ticker. Pump Pump event: ADXBTC - 2022-09-20 15:56:00. While parsing ticker SCBTC
DEBUG - Empty df_ticker. Pump Pump event: ADXBTC - 2022-09-20 15:56:00. While parsing ticker SEIBTC
DEBUG - Empty df_ticker. Pump Pump event: ADXBTC - 2022-09-20 15:56:00. While parsing ticker SKYBTC
DEBUG - Empty df_ticker. Pump Pump event: ADXBTC - 2022-09-20 15:56:00. While parsing ticker SNGLSBTC
DEBUG - Empty df_ticker. Pump Pump event: ADXBTC - 2022-09-20 15:56:00. While parsing ticker SPELLBTC
DEBUG - Empty df_ticker. Pump Pump event: ADXBTC - 2022-09-20 15:56:00. While parsing ticker STGBTC
DEBUG - Empty df_ticker. Pump Pump event: ADXBTC - 2022-09-20 15:56:00. While parsing ticker STORMBTC
DEBUG - Empty df_ticker. Pump Pump event: ADXBTC - 2022-09-20 15:56:00. While parsing ticker STRATBTC
DEBUG - Empty df_ticker. Pump Pump event: ADXBTC - 2022-09-20 15:56:00. While parsing ticker SUBBTC
DEBUG - Empty df_ticker. Pump Pump event: ADXBTC - 2022-09-20 15:56:00. While parsing ticker SUNBTC
DEBUG - Empty df_ticker. Pump Pump event: ADXBTC - 2022-09-20 15:56:00. While parsing ticker SYNBTC
DEBUG - Empty df_ticker. Pump Pump event: ADXBTC - 2022-09-20 15:56:00. While parsing ticker TIABTC
DEBUG - Empty df_ticker. Pump Pump event: ADXBTC - 2022-09-20 15:56:00. While parsing ticker TNBBTC
DEBUG - Empty df_ticker. Pump Pump event: ADXBTC - 2022-09-20 15:56:00. While parsing ticker TNTBTC
DEBUG - Empty df_ticker. Pump Pump event: ADXBTC - 2022-09-20 15:56:00. While parsing ticker TRIBEBTC
DEBUG - Empty df_ticker. Pump Pump event: ADXBTC - 2022-09-20 15:56:00. While parsing ticker TRIGBTC
DEBUG - Empty df_ticker. Pump Pump event: ADXBTC - 2022-09-20 15:56:00. While parsing ticker TROYBTC
DEBUG - Empty df_ticker. Pump Pump event: ADXBTC - 2022-09-20 15:56:00. While parsing ticker USTBTC
DEBUG - Empty df_ticker. Pump Pump event: ADXBTC - 2022-09-20 15:56:00. While parsing ticker VANRYBTC
DEBUG - Empty df_ticker. Pump Pump event: ADXBTC - 2022-09-20 15:56:00. While parsing ticker VENBTC
DEBUG - Empty df_ticker. Pump Pump event: ADXBTC - 2022-09-20 15:56:00. While parsing ticker VIABTC
DEBUG - Empty df_ticker. Pump Pump event: ADXBTC - 2022-09-20 15:56:00. While parsing ticker VIBEBTC
DEBUG - Empty df_ticker. Pump Pump event: ADXBTC - 2022-09-20 15:56:00. While parsing ticker VICBTC
DEBUG - Empty df_ticker. Pump Pump event: ADXBTC - 2022-09-20 15:56:00. While parsing ticker WINBTC
DEBUG - Empty df_ticker. Pump Pump event: ADXBTC - 2022-09-20 15:56:00. While parsing ticker WINGSBTC
DEBUG - Empty df_ticker. Pump Pump event: ADXBTC - 2022-09-20 15:56:00. While parsing ticker WLDBTC
DEBUG - Empty df_ticker. Pump Pump event: ADXBTC - 2022-09-20 15:56:00. While parsing ticker WNXMBTC
DEBUG - Empty df_ticker. Pump Pump event: ADXBTC - 2022-09-20 15:56:00. While parsing ticker WPRBTC
DEBUG - Empty df_ticker. Pump Pump event: ADXBTC - 2022-09-20 15:56:00. While parsing ticker XVGBTC
DEBUG - Empty df_ticker. Pump Pump event: ADXBTC - 2022-09-20 15:56:00. While parsing ticker XZCBTC
DEBUG - Empty df_ticker. Pump Pump event: POABTC - 2021-10-21 16:00:00. While parsing ticker ACABTC
DEBUG - Empty df_ticker. Pump Pump event: POABTC - 2021-10-21 16:00:00. While parsing ticker ACHBTC
DEBUG - Empty df_ticker. Pump Pump event: POABTC - 2021-10-21 16:00:00. While parsing ticker AEBTC
DEBUG - Empty df_ticker. Pump Pump event: POABTC - 2021-10-21 16:00:00. While parsing ticker AGIBTC
DEBUG - Empty df_ticker. Pump Pump event: POABTC - 2021-10-21 16:00:00. While parsing ticker AGLDBTC
DEBUG - Empty df_ticker. Pump Pump event: POABTC - 2021-10-21 16:00:00. While parsing ticker ALCXBTC
DEBUG - Empty df_ticker. Pump Pump event: POABTC - 2021-10-21 16:00:00. While parsing ticker ALPACABTC
DEBUG - Empty df_ticker. Pump Pump event: POABTC - 2021-10-21 16:00:00. While parsing ticker ALPINEBTC
DEBUG - Empty df_ticker. Pump Pump event: POABTC - 2021-10-21 16:00:00. While parsing ticker AMPBTC
DEBUG - Empty df_ticker. Pump Pump event: POABTC - 2021-10-21 16:00:00. While parsing ticker ANCBTC
DEBUG - Empty df_ticker. Pump Pump event: POABTC - 2021-10-21 16:00:00. While parsing ticker ANYBTC
DEBUG - Empty df_ticker. Pump Pump event: POABTC - 2021-10-21 16:00:00. While parsing ticker APEBTC
DEBUG - Empty df_ticker. Pump Pump event: POABTC - 2021-10-21 16:00:00. While parsing ticker API3BTC
DEBUG - Empty df_ticker. Pump Pump event: POABTC - 2021-10-21 16:00:00. While parsing ticker ARBBTC
DEBUG - Empty df_ticker. Pump Pump event: POABTC - 2021-10-21 16:00:00. While parsing ticker ARKMBTC
DEBUG - Empty df_ticker. Pump Pump event: POABTC - 2021-10-21 16:00:00. While parsing ticker ARNBTC
DEBUG - Empty df_ticker. Pump Pump event: POABTC - 2021-10-21 16:00:00. While parsing ticker ASTRBTC
DEBUG - Empty df_ticker. Pump Pump event: POABTC - 2021-10-21 16:00:00. While parsing ticker BCCBTC
DEBUG - Empty df_ticker. Pump Pump event: POABTC - 2021-10-21 16:00:00. While parsing ticker BCNBTC
DEBUG - Empty df_ticker. Pump Pump event: POABTC - 2021-10-21 16:00:00. While parsing ticker BCPTBTC
DEBUG - Empty df_ticker. Pump Pump event: POABTC - 2021-10-21 16:00:00. While parsing ticker BETABTC
DEBUG - Empty df_ticker. Pump Pump event: POABTC - 2021-10-21 16:00:00. While parsing ticker BICOBTC
DEBUG - Empty df_ticker. Pump Pump event: POABTC - 2021-10-21 16:00:00. While parsing ticker BLURBTC
DEBUG - Empty df_ticker. Pump Pump event: POABTC - 2021-10-21 16:00:00. While parsing ticker BNXBTC
DEBUG - Empty df_ticker. Pump Pump event: POABTC - 2021-10-21 16:00:00. While parsing ticker BOTBTC
DEBUG - Empty df_ticker. Pump Pump event: POABTC - 2021-10-21 16:00:00. While parsing ticker BTCBBTC
DEBUG - Empty df_ticker. Pump Pump event: POABTC - 2021-10-21 16:00:00. While parsing ticker BTTBTC
DEBUG - Empty df_ticker. Pump Pump event: POABTC - 2021-10-21 16:00:00. While parsing ticker CDTBTC
DEBUG - Empty df_ticker. Pump Pump event: POABTC - 2021-10-21 16:00:00. While parsing ticker CHATBTC
DEBUG - Empty df_ticker. Pump Pump event: POABTC - 2021-10-21 16:00:00. While parsing ticker CHESSBTC
DEBUG - Empty df_ticker. Pump Pump event: POABTC - 2021-10-21 16:00:00. While parsing ticker CITYBTC
DEBUG - Empty df_ticker. Pump Pump event: POABTC - 2021-10-21 16:00:00. While parsing ticker CLOAKBTC
DEBUG - Empty df_ticker. Pump Pump event: POABTC - 2021-10-21 16:00:00. While parsing ticker CMTBTC
DEBUG - Empty df_ticker. Pump Pump event: POABTC - 2021-10-21 16:00:00. While parsing ticker COCOSBTC
DEBUG - Empty df_ticker. Pump Pump event: POABTC - 2021-10-21 16:00:00. While parsing ticker CVXBTC
DEBUG - Empty df_ticker. Pump Pump event: POABTC - 2021-10-21 16:00:00. While parsing ticker CYBERBTC
DEBUG - Empty df_ticker. Pump Pump event: POABTC - 2021-10-21 16:00:00. While parsing ticker DARBTC
DEBUG - Empty df_ticker. Pump Pump event: POABTC - 2021-10-21 16:00:00. While parsing ticker DENTBTC
DEBUG - Empty df_ticker. Pump Pump event: POABTC - 2021-10-21 16:00:00. While parsing ticker DGDBTC
DEBUG - Empty df_ticker. Pump Pump event: POABTC - 2021-10-21 16:00:00. While parsing ticker DYDXBTC
DEBUG - Empty df_ticker. Pump Pump event: POABTC - 2021-10-21 16:00:00. While parsing ticker EASYBTC
DEBUG - Empty df_ticker. Pump Pump event: POABTC - 2021-10-21 16:00:00. While parsing ticker EDOBTC
DEBUG - Empty df_ticker. Pump Pump event: POABTC - 2021-10-21 16:00:00. While parsing ticker EDUBTC
DEBUG - Empty df_ticker. Pump Pump event: POABTC - 2021-10-21 16:00:00. While parsing ticker ENGBTC
DEBUG - Empty df_ticker. Pump Pump event: POABTC - 2021-10-21 16:00:00. While parsing ticker ENSBTC
DEBUG - Empty df_ticker. Pump Pump event: POABTC - 2021-10-21 16:00:00. While parsing ticker ERDBTC
DEBUG - Empty df_ticker. Pump Pump event: POABTC - 2021-10-21 16:00:00. While parsing ticker FARMBTC
DEBUG - Empty df_ticker. Pump Pump event: POABTC - 2021-10-21 16:00:00. While parsing ticker FIDABTC
DEBUG - Empty df_ticker. Pump Pump event: POABTC - 2021-10-21 16:00:00. While parsing ticker FLUXBTC
DEBUG - Empty df_ticker. Pump Pump event: POABTC - 2021-10-21 16:00:00. While parsing ticker FUELBTC
DEBUG - Empty df_ticker. Pump Pump event: POABTC - 2021-10-21 16:00:00. While parsing ticker GALABTC
DEBUG - Empty df_ticker. Pump Pump event: POABTC - 2021-10-21 16:00:00. While parsing ticker GALBTC
DEBUG - Empty df_ticker. Pump Pump event: POABTC - 2021-10-21 16:00:00. While parsing ticker GLMRBTC
DEBUG - Empty df_ticker. Pump Pump event: POABTC - 2021-10-21 16:00:00. While parsing ticker GMTBTC
DEBUG - Empty df_ticker. Pump Pump event: POABTC - 2021-10-21 16:00:00. While parsing ticker GMXBTC
DEBUG - Empty df_ticker. Pump Pump event: POABTC - 2021-10-21 16:00:00. While parsing ticker GNOBTC
DEBUG - Empty df_ticker. Pump Pump event: POABTC - 2021-10-21 16:00:00. While parsing ticker GNSBTC
DEBUG - Empty df_ticker. Pump Pump event: POABTC - 2021-10-21 16:00:00. While parsing ticker GNTBTC
DEBUG - Empty df_ticker. Pump Pump event: POABTC - 2021-10-21 16:00:00. While parsing ticker HCBTC
DEBUG - Empty df_ticker. Pump Pump event: POABTC - 2021-10-21 16:00:00. While parsing ticker HFTBTC
DEBUG - Empty df_ticker. Pump Pump event: POABTC - 2021-10-21 16:00:00. While parsing ticker HIGHBTC
DEBUG - Empty df_ticker. Pump Pump event: POABTC - 2021-10-21 16:00:00. While parsing ticker HOOKBTC
DEBUG - Empty df_ticker. Pump Pump event: POABTC - 2021-10-21 16:00:00. While parsing ticker HOTBTC
DEBUG - Empty df_ticker. Pump Pump event: POABTC - 2021-10-21 16:00:00. While parsing ticker ICNBTC
DEBUG - Empty df_ticker. Pump Pump event: POABTC - 2021-10-21 16:00:00. While parsing ticker IDBTC
DEBUG - Empty df_ticker. Pump Pump event: POABTC - 2021-10-21 16:00:00. While parsing ticker ILVBTC
DEBUG - Empty df_ticker. Pump Pump event: POABTC - 2021-10-21 16:00:00. While parsing ticker IMXBTC
DEBUG - Empty df_ticker. Pump Pump event: POABTC - 2021-10-21 16:00:00. While parsing ticker JASMYBTC
DEBUG - Empty df_ticker. Pump Pump event: POABTC - 2021-10-21 16:00:00. While parsing ticker JOEBTC
DEBUG - Empty df_ticker. Pump Pump event: POABTC - 2021-10-21 16:00:00. While parsing ticker KDABTC
DEBUG - Empty df_ticker. Pump Pump event: POABTC - 2021-10-21 16:00:00. While parsing ticker KEYBTC
DEBUG - Empty df_ticker. Pump Pump event: POABTC - 2021-10-21 16:00:00. While parsing ticker LAZIOBTC
DEBUG - Empty df_ticker. Pump Pump event: POABTC - 2021-10-21 16:00:00. While parsing ticker LDOBTC
DEBUG - Empty df_ticker. Pump Pump event: POABTC - 2021-10-21 16:00:00. While parsing ticker LENDBTC
DEBUG - Empty df_ticker. Pump Pump event: POABTC - 2021-10-21 16:00:00. While parsing ticker LOKABTC
DEBUG - Empty df_ticker. Pump Pump event: POABTC - 2021-10-21 16:00:00. While parsing ticker LQTYBTC
DEBUG - Empty df_ticker. Pump Pump event: POABTC - 2021-10-21 16:00:00. While parsing ticker LUNBTC
DEBUG - Empty df_ticker. Pump Pump event: POABTC - 2021-10-21 16:00:00. While parsing ticker MAGICBTC
DEBUG - Empty df_ticker. Pump Pump event: POABTC - 2021-10-21 16:00:00. While parsing ticker MAVBTC
DEBUG - Empty df_ticker. Pump Pump event: POABTC - 2021-10-21 16:00:00. While parsing ticker MBLBTC
DEBUG - Empty df_ticker. Pump Pump event: POABTC - 2021-10-21 16:00:00. While parsing ticker MBOXBTC
DEBUG - Empty df_ticker. Pump Pump event: POABTC - 2021-10-21 16:00:00. While parsing ticker MCBTC
DEBUG - Empty df_ticker. Pump Pump event: POABTC - 2021-10-21 16:00:00. While parsing ticker MCOBTC
DEBUG - Empty df_ticker. Pump Pump event: POABTC - 2021-10-21 16:00:00. While parsing ticker MFTBTC
DEBUG - Empty df_ticker. Pump Pump event: POABTC - 2021-10-21 16:00:00. While parsing ticker MINABTC
DEBUG - Empty df_ticker. Pump Pump event: POABTC - 2021-10-21 16:00:00. While parsing ticker MOBBTC
DEBUG - Empty df_ticker. Pump Pump event: POABTC - 2021-10-21 16:00:00. While parsing ticker MODBTC
DEBUG - Empty df_ticker. Pump Pump event: POABTC - 2021-10-21 16:00:00. While parsing ticker MOVRBTC
DEBUG - Empty df_ticker. Pump Pump event: POABTC - 2021-10-21 16:00:00. While parsing ticker MULTIBTC
DEBUG - Empty df_ticker. Pump Pump event: POABTC - 2021-10-21 16:00:00. While parsing ticker NBSBTC
DEBUG - Empty df_ticker. Pump Pump event: POABTC - 2021-10-21 16:00:00. While parsing ticker NCASHBTC
DEBUG - Empty df_ticker. Pump Pump event: POABTC - 2021-10-21 16:00:00. While parsing ticker NEXOBTC
DEBUG - Empty df_ticker. Pump Pump event: POABTC - 2021-10-21 16:00:00. While parsing ticker NPXSBTC
DEBUG - Empty df_ticker. Pump Pump event: POABTC - 2021-10-21 16:00:00. While parsing ticker NTRNBTC
DEBUG - Empty df_ticker. Pump Pump event: POABTC - 2021-10-21 16:00:00. While parsing ticker OPBTC
DEBUG - Empty df_ticker. Pump Pump event: POABTC - 2021-10-21 16:00:00. While parsing ticker ORDIBTC
DEBUG - Empty df_ticker. Pump Pump event: POABTC - 2021-10-21 16:00:00. While parsing ticker OSMOBTC
DEBUG - Empty df_ticker. Pump Pump event: POABTC - 2021-10-21 16:00:00. While parsing ticker OSTBTC
DEBUG - Empty df_ticker. Pump Pump event: POABTC - 2021-10-21 16:00:00. While parsing ticker PAXBTC
DEBUG - Empty df_ticker. Pump Pump event: POABTC - 2021-10-21 16:00:00. While parsing ticker PENDLEBTC
DEBUG - Empty df_ticker. Pump Pump event: POABTC - 2021-10-21 16:00:00. While parsing ticker PEOPLEBTC
DEBUG - Empty df_ticker. Pump Pump event: POABTC - 2021-10-21 16:00:00. While parsing ticker PHXBTC
DEBUG - Empty df_ticker. Pump Pump event: POABTC - 2021-10-21 16:00:00. While parsing ticker PLABTC
DEBUG - Empty df_ticker. Pump Pump event: POABTC - 2021-10-21 16:00:00. While parsing ticker POEBTC
DEBUG - Empty df_ticker. Pump Pump event: POABTC - 2021-10-21 16:00:00. While parsing ticker POLYXBTC
DEBUG - Empty df_ticker. Pump Pump event: POABTC - 2021-10-21 16:00:00. While parsing ticker PORTOBTC
DEBUG - Empty df_ticker. Pump Pump event: POABTC - 2021-10-21 16:00:00. While parsing ticker PPTBTC
DEBUG - Empty df_ticker. Pump Pump event: POABTC - 2021-10-21 16:00:00. While parsing ticker PROMBTC
DEBUG - Empty df_ticker. Pump Pump event: POABTC - 2021-10-21 16:00:00. While parsing ticker PYRBTC
DEBUG - Empty df_ticker. Pump Pump event: POABTC - 2021-10-21 16:00:00. While parsing ticker QIBTC
DEBUG - Empty df_ticker. Pump Pump event: POABTC - 2021-10-21 16:00:00. While parsing ticker RADBTC
DEBUG - Empty df_ticker. Pump Pump event: POABTC - 2021-10-21 16:00:00. While parsing ticker RAREBTC
DEBUG - Empty df_ticker. Pump Pump event: POABTC - 2021-10-21 16:00:00. While parsing ticker RCNBTC
DEBUG - Empty df_ticker. Pump Pump event: POABTC - 2021-10-21 16:00:00. While parsing ticker RDNTBTC
DEBUG - Empty df_ticker. Pump Pump event: POABTC - 2021-10-21 16:00:00. While parsing ticker RGTBTC
DEBUG - Empty df_ticker. Pump Pump event: POABTC - 2021-10-21 16:00:00. While parsing ticker RNDRBTC
DEBUG - Empty df_ticker. Pump Pump event: POABTC - 2021-10-21 16:00:00. While parsing ticker RPLBTC
DEBUG - Empty df_ticker. Pump Pump event: POABTC - 2021-10-21 16:00:00. While parsing ticker SALTBTC
DEBUG - Empty df_ticker. Pump Pump event: POABTC - 2021-10-21 16:00:00. While parsing ticker SANTOSBTC
DEBUG - Empty df_ticker. Pump Pump event: POABTC - 2021-10-21 16:00:00. While parsing ticker SEIBTC
DEBUG - Empty df_ticker. Pump Pump event: POABTC - 2021-10-21 16:00:00. While parsing ticker SNGLSBTC
DEBUG - Empty df_ticker. Pump Pump event: POABTC - 2021-10-21 16:00:00. While parsing ticker SPELLBTC
DEBUG - Empty df_ticker. Pump Pump event: POABTC - 2021-10-21 16:00:00. While parsing ticker SSVBTC
DEBUG - Empty df_ticker. Pump Pump event: POABTC - 2021-10-21 16:00:00. While parsing ticker STGBTC
DEBUG - Empty df_ticker. Pump Pump event: POABTC - 2021-10-21 16:00:00. While parsing ticker STORMBTC
DEBUG - Empty df_ticker. Pump Pump event: POABTC - 2021-10-21 16:00:00. While parsing ticker STRATBTC
DEBUG - Empty df_ticker. Pump Pump event: POABTC - 2021-10-21 16:00:00. While parsing ticker SUBBTC
DEBUG - Empty df_ticker. Pump Pump event: POABTC - 2021-10-21 16:00:00. While parsing ticker SUNBTC
DEBUG - Empty df_ticker. Pump Pump event: POABTC - 2021-10-21 16:00:00. While parsing ticker SYNBTC
DEBUG - Empty df_ticker. Pump Pump event: POABTC - 2021-10-21 16:00:00. While parsing ticker TIABTC
DEBUG - Empty df_ticker. Pump Pump event: POABTC - 2021-10-21 16:00:00. While parsing ticker TNBBTC
DEBUG - Empty df_ticker. Pump Pump event: POABTC - 2021-10-21 16:00:00. While parsing ticker TNTBTC
DEBUG - Empty df_ticker. Pump Pump event: POABTC - 2021-10-21 16:00:00. While parsing ticker TRIBEBTC
DEBUG - Empty df_ticker. Pump Pump event: POABTC - 2021-10-21 16:00:00. While parsing ticker TRIGBTC
DEBUG - Empty df_ticker. Pump Pump event: POABTC - 2021-10-21 16:00:00. While parsing ticker TROYBTC
DEBUG - Empty df_ticker. Pump Pump event: POABTC - 2021-10-21 16:00:00. While parsing ticker USTBTC
DEBUG - Empty df_ticker. Pump Pump event: POABTC - 2021-10-21 16:00:00. While parsing ticker VANRYBTC
DEBUG - Empty df_ticker. Pump Pump event: POABTC - 2021-10-21 16:00:00. While parsing ticker VENBTC
DEBUG - Empty df_ticker. Pump Pump event: POABTC - 2021-10-21 16:00:00. While parsing ticker VGXBTC
DEBUG - Empty df_ticker. Pump Pump event: POABTC - 2021-10-21 16:00:00. While parsing ticker VIABTC
DEBUG - Empty df_ticker. Pump Pump event: POABTC - 2021-10-21 16:00:00. While parsing ticker VIBEBTC
DEBUG - Empty df_ticker. Pump Pump event: POABTC - 2021-10-21 16:00:00. While parsing ticker VICBTC
DEBUG - Empty df_ticker. Pump Pump event: POABTC - 2021-10-21 16:00:00. While parsing ticker VOXELBTC
DEBUG - Empty df_ticker. Pump Pump event: POABTC - 2021-10-21 16:00:00. While parsing ticker WAXPBTC
DEBUG - Empty df_ticker. Pump Pump event: POABTC - 2021-10-21 16:00:00. While parsing ticker WINBTC
DEBUG - Empty df_ticker. Pump Pump event: POABTC - 2021-10-21 16:00:00. While parsing ticker WINGSBTC
DEBUG - Empty df_ticker. Pump Pump event: POABTC - 2021-10-21 16:00:00. While parsing ticker WLDBTC
DEBUG - Empty df_ticker. Pump Pump event: POABTC - 2021-10-21 16:00:00. While parsing ticker WOOBTC
DEBUG - Empty df_ticker. Pump Pump event: POABTC - 2021-10-21 16:00:00. While parsing ticker WPRBTC
DEBUG - Empty df_ticker. Pump Pump event: POABTC - 2021-10-21 16:00:00. While parsing ticker XNOBTC
DEBUG - Empty df_ticker. Pump Pump event: POABTC - 2021-10-21 16:00:00. While parsing ticker XZCBTC
DEBUG - Empty df_ticker. Pump Pump event: POABTC - 2021-10-21 16:00:00. While parsing ticker YGGBTC
DEBUG - Using json encoder/decoder
DEBUG - Empty df_ticker. Pump Pump event: WRXBTC - 2021-08-20 11:40:00. While parsing ticker ACABTC
DEBUG - Empty df_ticker. Pump Pump event: WRXBTC - 2021-08-20 11:40:00. While parsing ticker ACHBTC
DEBUG - Empty df_ticker. Pump Pump event: WRXBTC - 2021-08-20 11:40:00. While parsing ticker AEBTC
DEBUG - Empty df_ticker. Pump Pump event: WRXBTC - 2021-08-20 11:40:00. While parsing ticker AGIBTC
DEBUG - Empty df_ticker. Pump Pump event: WRXBTC - 2021-08-20 11:40:00. While parsing ticker AGIXBTC
DEBUG - Empty df_ticker. Pump Pump event: WRXBTC - 2021-08-20 11:40:00. While parsing ticker AGLDBTC
DEBUG - Empty df_ticker. Pump Pump event: WRXBTC - 2021-08-20 11:40:00. While parsing ticker ALCXBTC
DEBUG - Empty df_ticker. Pump Pump event: WRXBTC - 2021-08-20 11:40:00. While parsing ticker ALPACABTC
DEBUG - Empty df_ticker. Pump Pump event: WRXBTC - 2021-08-20 11:40:00. While parsing ticker ALPINEBTC
DEBUG - Empty df_ticker. Pump Pump event: WRXBTC - 2021-08-20 11:40:00. While parsing ticker AMPBTC
DEBUG - Empty df_ticker. Pump Pump event: WRXBTC - 2021-08-20 11:40:00. While parsing ticker ANCBTC
DEBUG - Empty df_ticker. Pump Pump event: WRXBTC - 2021-08-20 11:40:00. While parsing ticker ANYBTC
DEBUG - Empty df_ticker. Pump Pump event: WRXBTC - 2021-08-20 11:40:00. While parsing ticker APEBTC
DEBUG - Empty df_ticker. Pump Pump event: WRXBTC - 2021-08-20 11:40:00. While parsing ticker API3BTC
DEBUG - Empty df_ticker. Pump Pump event: WRXBTC - 2021-08-20 11:40:00. While parsing ticker ARBBTC
DEBUG - Empty df_ticker. Pump Pump event: WRXBTC - 2021-08-20 11:40:00. While parsing ticker ARKMBTC
DEBUG - Empty df_ticker. Pump Pump event: WRXBTC - 2021-08-20 11:40:00. While parsing ticker ARNBTC
DEBUG - Empty df_ticker. Pump Pump event: WRXBTC - 2021-08-20 11:40:00. While parsing ticker ASTRBTC
DEBUG - Empty df_ticker. Pump Pump event: WRXBTC - 2021-08-20 11:40:00. While parsing ticker ATABTC
DEBUG - Empty df_ticker. Pump Pump event: ADXBTC - 2022-09-20 15:56:00. While parsing ticker AEBTC
DEBUG - Empty df_ticker. Pump Pump event: ADXBTC - 2022-09-20 15:56:00. While parsing ticker AGIBTC
DEBUG - Empty df_ticker. Pump Pump event: ADXBTC - 2022-09-20 15:56:00. While parsing ticker AKROBTC
DEBUG - Empty df_ticker. Pump Pump event: ADXBTC - 2022-09-20 15:56:00. While parsing ticker ANYBTC
DEBUG - Empty df_ticker. Pump Pump event: ADXBTC - 2022-09-20 15:56:00. While parsing ticker APPCBTC
DEBUG - Empty df_ticker. Pump Pump event: ADXBTC - 2022-09-20 15:56:00. While parsing ticker ARBBTC
DEBUG - Empty df_ticker. Pump Pump event: ADXBTC - 2022-09-20 15:56:00. While parsing ticker ARKMBTC
DEBUG - Empty df_ticker. Pump Pump event: ADXBTC - 2022-09-20 15:56:00. While parsing ticker ARNBTC
DEBUG - Empty df_ticker. Pump Pump event: ADXBTC - 2022-09-20 15:56:00. While parsing ticker BCCBTC
DEBUG - Empty df_ticker. Pump Pump event: ADXBTC - 2022-09-20 15:56:00. While parsing ticker BCDBTC
DEBUG - Empty df_ticker. Pump Pump event: ADXBTC - 2022-09-20 15:56:00. While parsing ticker BCNBTC
DEBUG - Empty df_ticker. Pump Pump event: ADXBTC - 2022-09-20 15:56:00. While parsing ticker BCPTBTC
DEBUG - Empty df_ticker. Pump Pump event: ADXBTC - 2022-09-20 15:56:00. While parsing ticker BLURBTC
DEBUG - Empty df_ticker. Pump Pump event: ADXBTC - 2022-09-20 15:56:00. While parsing ticker BOTBTC
DEBUG - Empty df_ticker. Pump Pump event: ADXBTC - 2022-09-20 15:56:00. While parsing ticker BRDBTC
DEBUG - Empty df_ticker. Pump Pump event: ADXBTC - 2022-09-20 15:56:00. While parsing ticker BTCBBTC
DEBUG - Empty df_ticker. Pump Pump event: ADXBTC - 2022-09-20 15:56:00. While parsing ticker BTTBTC
DEBUG - Empty df_ticker. Pump Pump event: ADXBTC - 2022-09-20 15:56:00. While parsing ticker BZRXBTC
DEBUG - Empty df_ticker. Pump Pump event: ADXBTC - 2022-09-20 15:56:00. While parsing ticker CDTBTC
DEBUG - Empty df_ticker. Pump Pump event: ADXBTC - 2022-09-20 15:56:00. While parsing ticker CHATBTC
DEBUG - Empty df_ticker. Pump Pump event: ADXBTC - 2022-09-20 15:56:00. While parsing ticker CKBBTC
DEBUG - Empty df_ticker. Pump Pump event: ADXBTC - 2022-09-20 15:56:00. While parsing ticker CLOAKBTC
DEBUG - Empty df_ticker. Pump Pump event: ADXBTC - 2022-09-20 15:56:00. While parsing ticker CMTBTC
DEBUG - Empty df_ticker. Pump Pump event: ADXBTC - 2022-09-20 15:56:00. While parsing ticker CNDBTC
DEBUG - Empty df_ticker. Pump Pump event: ADXBTC - 2022-09-20 15:56:00. While parsing ticker COCOSBTC
DEBUG - Empty df_ticker. Pump Pump event: ADXBTC - 2022-09-20 15:56:00. While parsing ticker CYBERBTC
DEBUG - Empty df_ticker. Pump Pump event: ADXBTC - 2022-09-20 15:56:00. While parsing ticker DENTBTC
DEBUG - Empty df_ticker. Pump Pump event: ADXBTC - 2022-09-20 15:56:00. While parsing ticker DGDBTC
DEBUG - Empty df_ticker. Pump Pump event: ADXBTC - 2022-09-20 15:56:00. While parsing ticker DLTBTC
DEBUG - Empty df_ticker. Pump Pump event: ADXBTC - 2022-09-20 15:56:00. While parsing ticker EASYBTC
DEBUG - Empty df_ticker. Pump Pump event: ADXBTC - 2022-09-20 15:56:00. While parsing ticker EDOBTC
DEBUG - Empty df_ticker. Pump Pump event: ADXBTC - 2022-09-20 15:56:00. While parsing ticker EDUBTC
DEBUG - Empty df_ticker. Pump Pump event: ADXBTC - 2022-09-20 15:56:00. While parsing ticker ENGBTC
